Using pre-set license
Built from '2022.3/staging' branch; Version is '2022.3.7f1 (b16b3b16c7a0) revision 11627323'; Using compiler version '192829333'; Build Type 'Release'
OS: 'Windows 10  (10.0.19045) 64bit Professional' Language: 'es' Physical Memory: 16125 MB
BatchMode: 1, IsHumanControllingUs: 0, StartBugReporterOnCrash: 0, Is64bit: 1, IsPro: 1

COMMAND LINE ARGUMENTS:
C:\Program Files\Unity\Hub\Editor\2022.3.7f1\Editor\Unity.exe
-adb2
-batchMode
-noUpm
-name
AssetImportWorker2
-projectPath
C:/Users/USUARIO/xD
-logFile
Logs/AssetImportWorker2.log
-srvPort
65508
Successfully changed project path to: C:/Users/USUARIO/xD
C:/Users/USUARIO/xD
[UnityMemory] Configuration Parameters - Can be set up in boot.config
    "memorysetup-bucket-allocator-granularity=16"
    "memorysetup-bucket-allocator-bucket-count=8"
    "memorysetup-bucket-allocator-block-size=33554432"
    "memorysetup-bucket-allocator-block-count=8"
    "memorysetup-main-allocator-block-size=16777216"
    "memorysetup-thread-allocator-block-size=16777216"
    "memorysetup-gfx-main-allocator-block-size=16777216"
    "memorysetup-gfx-thread-allocator-block-size=16777216"
    "memorysetup-cache-allocator-block-size=4194304"
    "memorysetup-typetree-allocator-block-size=2097152"
    "memorysetup-profiler-bucket-allocator-granularity=16"
    "memorysetup-profiler-bucket-allocator-bucket-count=8"
    "memorysetup-profiler-bucket-allocator-block-size=33554432"
    "memorysetup-profiler-bucket-allocator-block-count=8"
    "memorysetup-profiler-allocator-block-size=16777216"
    "memorysetup-profiler-editor-allocator-block-size=1048576"
    "memorysetup-temp-allocator-size-main=16777216"
    "memorysetup-job-temp-allocator-block-size=2097152"
    "memorysetup-job-temp-allocator-block-size-background=1048576"
    "memorysetup-job-temp-allocator-reduction-small-platforms=262144"
    "memorysetup-allocator-temp-initial-block-size-main=262144"
    "memorysetup-allocator-temp-initial-block-size-worker=262144"
    "memorysetup-temp-allocator-size-background-worker=32768"
    "memorysetup-temp-allocator-size-job-worker=262144"
    "memorysetup-temp-allocator-size-preload-manager=33554432"
    "memorysetup-temp-allocator-size-nav-mesh-worker=65536"
    "memorysetup-temp-allocator-size-audio-worker=65536"
    "memorysetup-temp-allocator-size-cloud-worker=32768"
    "memorysetup-temp-allocator-size-gi-baking-worker=262144"
    "memorysetup-temp-allocator-size-gfx=262144"
Player connection [11680] Host "[IP] 192.168.10.2 [Port] 0 [Flags] 2 [Guid] 1992220060 [EditorId] 1992220060 [Version] 1048832 [Id] WindowsEditor(7,DESKTOP-9BE5VN6) [Debug] 1 [PackageName] WindowsEditor [ProjectName] Editor" joined multi-casting on [225.0.0.222:54997]...

Player connection [11680] Host "[IP] 192.168.10.2 [Port] 0 [Flags] 2 [Guid] 1992220060 [EditorId] 1992220060 [Version] 1048832 [Id] WindowsEditor(7,DESKTOP-9BE5VN6) [Debug] 1 [PackageName] WindowsEditor [ProjectName] Editor" joined alternative multi-casting on [225.0.0.222:34997]...

Refreshing native plugins compatible for Editor in 5.76 ms, found 3 plugins.
Preloading 0 native plugins for Editor in 0.00 ms.
Initialize engine version: 2022.3.7f1 (b16b3b16c7a0)
[Subsystems] Discovering subsystems at path C:/Program Files/Unity/Hub/Editor/2022.3.7f1/Editor/Data/Resources/UnitySubsystems
[Subsystems] Discovering subsystems at path C:/Users/USUARIO/xD/Assets
GfxDevice: creating device client; threaded=0; jobified=0
Direct3D:
    Version:  Direct3D 11.0 [level 11.1]
    Renderer: Intel(R) UHD Graphics 730 (ID=0x4692)
    Vendor:   Intel
    VRAM:     8062 MB
    Driver:   30.0.101.1371
Initialize mono
Mono path[0] = 'C:/Program Files/Unity/Hub/Editor/2022.3.7f1/Editor/Data/Managed'
Mono path[1] = 'C:/Program Files/Unity/Hub/Editor/2022.3.7f1/Editor/Data/MonoBleedingEdge/lib/mono/unityjit-win32'
Mono config path = 'C:/Program Files/Unity/Hub/Editor/2022.3.7f1/Editor/Data/MonoBleedingEdge/etc'
Using monoOptions --debugger-agent=transport=dt_socket,embedding=1,server=y,suspend=n,address=127.0.0.1:56028
Begin MonoManager ReloadAssembly
Registering precompiled unity dll's ...
Register platform support module: C:/Program Files/Unity/Hub/Editor/2022.3.7f1/Editor/Data/PlaybackEngines/WebGLSupport/UnityEditor.WebGL.Extensions.dll
Register platform support module: C:/Program Files/Unity/Hub/Editor/2022.3.7f1/Editor/Data/PlaybackEngines/AndroidPlayer/UnityEditor.Android.Extensions.dll
Register platform support module: C:/Program Files/Unity/Hub/Editor/2022.3.7f1/Editor/Data/PlaybackEngines/WindowsStandaloneSupport/UnityEditor.WindowsStandalone.Extensions.dll
Register platform support module: C:/Program Files/Unity/Hub/Editor/2022.3.7f1/Editor/Data/PlaybackEngines/MetroSupport/UnityEditor.UWP.Extensions.dll
Registered in 0.017110 seconds.
- Loaded All Assemblies, in  0.404 seconds
Native extension for UWP target not found
Native extension for WindowsStandalone target not found
Native extension for Android target not found
Android Extension - Scanning For ADB Devices 242 ms
Native extension for WebGL target not found
Mono: successfully reloaded assembly
- Finished resetting the current domain, in  0.543 seconds
Domain Reload Profiling: 945ms
	BeginReloadAssembly (128ms)
		ExecutionOrderSort (0ms)
		DisableScriptedObjects (0ms)
		BackupInstance (0ms)
		ReleaseScriptingObjects (0ms)
		CreateAndSetChildDomain (2ms)
	RebuildCommonClasses (37ms)
	RebuildNativeTypeToScriptingClass (8ms)
	initialDomainReloadingComplete (71ms)
	LoadAllAssembliesAndSetupDomain (157ms)
		LoadAssemblies (125ms)
		RebuildTransferFunctionScriptingTraits (0ms)
		AnalyzeDomain (154ms)
			TypeCache.Refresh (152ms)
				TypeCache.ScanAssembly (134ms)
			ScanForSourceGeneratedMonoScriptInfo (1ms)
			ResolveRequiredComponents (0ms)
	FinalizeReload (543ms)
		ReleaseScriptCaches (0ms)
		RebuildScriptCaches (0ms)
		SetupLoadedEditorAssemblies (487ms)
			LogAssemblyErrors (0ms)
			InitializePlatformSupportModulesInManaged (349ms)
			SetLoadedEditorAssemblies (4ms)
			RefreshPlugins (0ms)
			BeforeProcessingInitializeOnLoad (2ms)
			ProcessInitializeOnLoadAttributes (94ms)
			ProcessInitializeOnLoadMethodAttributes (38ms)
			AfterProcessingInitializeOnLoad (0ms)
			EditorAssembliesLoaded (0ms)
		ExecutionOrderSort2 (0ms)
		AwakeInstancesAfterBackupRestoration (0ms)
========================================================================
Worker process is ready to serve import requests
Begin MonoManager ReloadAssembly
Symbol file LoadedFromMemory doesn't match image C:\Users\USUARIO\xD\Library\PackageCache\com.unity.visualscripting@1.8.0\Editor\VisualScripting.Core\Dependencies\YamlDotNet\Unity.VisualScripting.YamlDotNet.dll
Symbol file LoadedFromMemory doesn't match image C:\Users\USUARIO\xD\Library\PackageCache\com.unity.visualscripting@1.8.0\Editor\VisualScripting.Core\Dependencies\DotNetZip\Unity.VisualScripting.IonicZip.dll
- Loaded All Assemblies, in  0.674 seconds
Refreshing native plugins compatible for Editor in 2.61 ms, found 3 plugins.
Native extension for UWP target not found
Native extension for WindowsStandalone target not found
Native extension for Android target not found
Native extension for WebGL target not found
Mono: successfully reloaded assembly
- Finished resetting the current domain, in  0.488 seconds
Domain Reload Profiling: 1160ms
	BeginReloadAssembly (160ms)
		ExecutionOrderSort (0ms)
		DisableScriptedObjects (4ms)
		BackupInstance (0ms)
		ReleaseScriptingObjects (0ms)
		CreateAndSetChildDomain (23ms)
	RebuildCommonClasses (30ms)
	RebuildNativeTypeToScriptingClass (11ms)
	initialDomainReloadingComplete (37ms)
	LoadAllAssembliesAndSetupDomain (434ms)
		LoadAssemblies (355ms)
		RebuildTransferFunctionScriptingTraits (0ms)
		AnalyzeDomain (180ms)
			TypeCache.Refresh (160ms)
				TypeCache.ScanAssembly (139ms)
			ScanForSourceGeneratedMonoScriptInfo (13ms)
			ResolveRequiredComponents (6ms)
	FinalizeReload (489ms)
		ReleaseScriptCaches (0ms)
		RebuildScriptCaches (0ms)
		SetupLoadedEditorAssemblies (339ms)
			LogAssemblyErrors (0ms)
			InitializePlatformSupportModulesInManaged (25ms)
			SetLoadedEditorAssemblies (5ms)
			RefreshPlugins (0ms)
			BeforeProcessingInitializeOnLoad (55ms)
			ProcessInitializeOnLoadAttributes (228ms)
			ProcessInitializeOnLoadMethodAttributes (19ms)
			AfterProcessingInitializeOnLoad (7ms)
			EditorAssembliesLoaded (0ms)
		ExecutionOrderSort2 (0ms)
		AwakeInstancesAfterBackupRestoration (5ms)
Launched and connected shader compiler UnityShaderCompiler.exe after 0.05 seconds
Refreshing native plugins compatible for Editor in 1.99 ms, found 3 plugins.
Preloading 0 native plugins for Editor in 0.00 ms.
Unloading 3083 Unused Serialized files (Serialized files now loaded: 0)
Unloading 31 unused Assets / (56.8 KB). Loaded Objects now: 3565.
Memory consumption went from 130.7 MB to 130.7 MB.
Total: 3.673000 ms (FindLiveObjects: 0.335000 ms CreateObjectMapping: 0.195500 ms MarkObjects: 3.001100 ms  DeleteObjects: 0.140400 ms)

AssetImportParameters requested are different than current active one (requested -> active):
  custom:container-demuxer-ogg: 62fdf1f143b41e24485cea50d1cbac27 -> 
  custom:video-decoder-ogg-theora: a1e56fd34408186e4bbccfd4996cb3dc -> 
  custom:framework-win-MediaFoundation: 216162199b28c13a410421893ffa2e32 -> 
  custom:CustomObjectIndexerAttribute: 756ad292c208cfabdd7b50bc23989ffe -> 
  custom:container-demuxer-webm: 4f35f7cbe854078d1ac9338744f61a02 -> 
  custom:container-muxer-webm: aa71ff27fc2769a1b78a27578f13a17b -> 
  custom:video-decoder-webm-vp8: 9c59270c3fd7afecdb556c50c9e8de78 -> 
  custom:SearchIndexIgnoredProperties: e643bd26f0fe6173181afceb89e7c659 -> 
  custom:AudioImporter_EditorPlatform: d09bf68614088b80899f8185d706f6e7 -> 
  custom:video-encoder-webm-vp8: eb34c28f22e8b96e1ab97ce403110664 -> 
  custom:audio-decoder-ogg-vorbis: bf7c407c2cedff20999df2af8eb42d56 -> 
  custom:audio-encoder-webm-vorbis: bf7c407c2cedff20999df2af8eb42d56 -> 
========================================================================
Received Import Request.
  Time since last request: 177190.234063 seconds.
  path: Assets/AurynSky/WinterArena/Textures/ColorPaletteBLUE.png
  artifactKey: Guid(5c793c7bf3c86dc46a9989d74c2cd77f) Importer(815301076,1909f56bfc062723c751e8b465ee728b)
Start importing Assets/AurynSky/WinterArena/Textures/ColorPaletteBLUE.png using Guid(5c793c7bf3c86dc46a9989d74c2cd77f) Importer(815301076,1909f56bfc062723c751e8b465ee728b)  -> (artifact id: 'fa08a53d37b03f9ecac79c2cb80788e1') in 0.062230 seconds
Number of updated asset objects reloaded before import = 0
Number of asset objects unloaded after import = 2
========================================================================
Received Import Request.
  Time since last request: 0.542357 seconds.
  path: Assets/AurynSky/WinterArena/Scenes
  artifactKey: Guid(dd7e7047d55028d4797388d2a61731b7) Importer(815301076,1909f56bfc062723c751e8b465ee728b)
Start importing Assets/AurynSky/WinterArena/Scenes using Guid(dd7e7047d55028d4797388d2a61731b7) Importer(815301076,1909f56bfc062723c751e8b465ee728b)  -> (artifact id: '24bf7f45ce676255def370ce1cc338bc') in 0.002017 seconds
Number of updated asset objects reloaded before import = 0
Number of asset objects unloaded after import = 0
========================================================================
Received Import Request.
  Time since last request: 2.044440 seconds.
  path: Assets/AurynSky/WinterArena/Prefabs
  artifactKey: Guid(62d7837b18cb64d4f8ec763fda8a13ac) Importer(815301076,1909f56bfc062723c751e8b465ee728b)
Start importing Assets/AurynSky/WinterArena/Prefabs using Guid(62d7837b18cb64d4f8ec763fda8a13ac) Importer(815301076,1909f56bfc062723c751e8b465ee728b)  -> (artifact id: '72ead3f1f2976e75300e6e606523251b') in 0.000761 seconds
Number of updated asset objects reloaded before import = 0
Number of asset objects unloaded after import = 0
========================================================================
Received Import Request.
  Time since last request: 0.059220 seconds.
  path: Assets/AurynSky/WinterArena/Prefabs/Fire.prefab
  artifactKey: Guid(8e83fd7c6161f7943b4f5b81970ac712) Importer(815301076,1909f56bfc062723c751e8b465ee728b)
Start importing Assets/AurynSky/WinterArena/Prefabs/Fire.prefab using Guid(8e83fd7c6161f7943b4f5b81970ac712) Importer(815301076,1909f56bfc062723c751e8b465ee728b)  -> (artifact id: '2dd4903be15cf47e0eb11627cfd6a1d4') in 0.048266 seconds
Number of updated asset objects reloaded before import = 0
Number of asset objects unloaded after import = 8
========================================================================
Received Import Request.
  Time since last request: 0.000019 seconds.
  path: Assets/AurynSky/WinterArena/Prefabs/WinterBrazier.prefab
  artifactKey: Guid(92484f07dac8f2342af273b0bc4d24ad) Importer(815301076,1909f56bfc062723c751e8b465ee728b)
Start importing Assets/AurynSky/WinterArena/Prefabs/WinterBrazier.prefab using Guid(92484f07dac8f2342af273b0bc4d24ad) Importer(815301076,1909f56bfc062723c751e8b465ee728b)  -> (artifact id: '9c6d90456e6174f938221ccb116159ad') in 0.028874 seconds
Number of updated asset objects reloaded before import = 0
Number of asset objects unloaded after import = 45
========================================================================
Received Import Request.
  Time since last request: 0.000023 seconds.
  path: Assets/AurynSky/WinterArena/Prefabs/WinterCannonBall.prefab
  artifactKey: Guid(60c499c24eeb0da40a14722f34d14373) Importer(815301076,1909f56bfc062723c751e8b465ee728b)
Start importing Assets/AurynSky/WinterArena/Prefabs/WinterCannonBall.prefab using Guid(60c499c24eeb0da40a14722f34d14373) Importer(815301076,1909f56bfc062723c751e8b465ee728b)  -> (artifact id: 'ea50f06382688672ac63c3b5b3fd4174') in 0.018669 seconds
Number of updated asset objects reloaded before import = 0
Number of asset objects unloaded after import = 9
========================================================================
Received Import Request.
  Time since last request: 0.000019 seconds.
  path: Assets/AurynSky/WinterArena/Prefabs/WinterBridge_Section.prefab
  artifactKey: Guid(381ac0576f313884f9fd57cdbc0b44fa) Importer(815301076,1909f56bfc062723c751e8b465ee728b)
Start importing Assets/AurynSky/WinterArena/Prefabs/WinterBridge_Section.prefab using Guid(381ac0576f313884f9fd57cdbc0b44fa) Importer(815301076,1909f56bfc062723c751e8b465ee728b)  -> (artifact id: 'c3dbf1418b7d6c944dc81fb3811874c3') in 0.026747 seconds
Number of updated asset objects reloaded before import = 0
Number of asset objects unloaded after import = 9
========================================================================
Received Import Request.
  Time since last request: 0.000030 seconds.
  path: Assets/AurynSky/WinterArena/Prefabs/WinterCastleDoor_L.prefab
  artifactKey: Guid(5c74e0faf441711409323d6f5defc5c6) Importer(815301076,1909f56bfc062723c751e8b465ee728b)
Start importing Assets/AurynSky/WinterArena/Prefabs/WinterCastleDoor_L.prefab using Guid(5c74e0faf441711409323d6f5defc5c6) Importer(815301076,1909f56bfc062723c751e8b465ee728b)  -> (artifact id: '6df21060cc2d20c4bc79ae327ca99085') in 0.025279 seconds
Number of updated asset objects reloaded before import = 0
Number of asset objects unloaded after import = 9
========================================================================
Received Import Request.
  Time since last request: 0.000030 seconds.
  path: Assets/AurynSky/WinterArena/Prefabs/WinterCatapult.prefab
  artifactKey: Guid(08ff7f927524cc8479317b762c98ce57) Importer(815301076,1909f56bfc062723c751e8b465ee728b)
Start importing Assets/AurynSky/WinterArena/Prefabs/WinterCatapult.prefab using Guid(08ff7f927524cc8479317b762c98ce57) Importer(815301076,1909f56bfc062723c751e8b465ee728b)  -> (artifact id: '9dfc208bdf6343f1e9a9068bf99b881e') in 0.020099 seconds
Number of updated asset objects reloaded before import = 0
Number of asset objects unloaded after import = 113
========================================================================
Received Import Request.
  Time since last request: 0.714641 seconds.
  path: Assets/AurynSky/WinterArena/Prefabs/WinterCatapult_v2.prefab
  artifactKey: Guid(e09c43c4dd9ac80499cd9faa1dfb3d63) Importer(815301076,1909f56bfc062723c751e8b465ee728b)
Start importing Assets/AurynSky/WinterArena/Prefabs/WinterCatapult_v2.prefab using Guid(e09c43c4dd9ac80499cd9faa1dfb3d63) Importer(815301076,1909f56bfc062723c751e8b465ee728b)  -> (artifact id: 'f3c73036255581b7d4d2f8495e22c577') in 0.014028 seconds
Number of updated asset objects reloaded before import = 0
Number of asset objects unloaded after import = 64
========================================================================
Received Import Request.
  Time since last request: 0.000020 seconds.
  path: Assets/AurynSky/WinterArena/Prefabs/WinterChest_v3.prefab
  artifactKey: Guid(77fad4c36aa1492488a6bcadc342aacb) Importer(815301076,1909f56bfc062723c751e8b465ee728b)
Start importing Assets/AurynSky/WinterArena/Prefabs/WinterChest_v3.prefab using Guid(77fad4c36aa1492488a6bcadc342aacb) Importer(815301076,1909f56bfc062723c751e8b465ee728b)  -> (artifact id: '009e99fe34f61b97a4e03732248af6e8') in 0.074750 seconds
Internal: There are remaining Allocations on the JobTempAlloc. This is a leak, and will impact performance
To Debug, run app with -diag-job-temp-memory-leak-validation cmd line argument. This will output the callstacks of the leaked allocations.
Number of updated asset objects reloaded before import = 0
Number of asset objects unloaded after import = 47
========================================================================
Received Import Request.
  Time since last request: 0.000082 seconds.
  path: Assets/AurynSky/WinterArena/Prefabs/WinterCrate_SM.prefab
  artifactKey: Guid(7abef2adc7c835748b443de4ed8d7585) Importer(815301076,1909f56bfc062723c751e8b465ee728b)
Start importing Assets/AurynSky/WinterArena/Prefabs/WinterCrate_SM.prefab using Guid(7abef2adc7c835748b443de4ed8d7585) Importer(815301076,1909f56bfc062723c751e8b465ee728b)  -> (artifact id: '26a7969c876b727388f851b3201ffd36') in 0.020326 seconds
Internal: There are remaining Allocations on the JobTempAlloc. This is a leak, and will impact performance
To Debug, run app with -diag-job-temp-memory-leak-validation cmd line argument. This will output the callstacks of the leaked allocations.
Number of updated asset objects reloaded before import = 0
Number of asset objects unloaded after import = 9
========================================================================
Received Import Request.
  Time since last request: 0.000021 seconds.
  path: Assets/AurynSky/WinterArena/Prefabs/WinterCubeLarge_v2.prefab
  artifactKey: Guid(01dd818fb945da74490ada314c52a16e) Importer(815301076,1909f56bfc062723c751e8b465ee728b)
Start importing Assets/AurynSky/WinterArena/Prefabs/WinterCubeLarge_v2.prefab using Guid(01dd818fb945da74490ada314c52a16e) Importer(815301076,1909f56bfc062723c751e8b465ee728b)  -> (artifact id: 'f5a2a79c27b54e60aef166342443a760') in 0.068218 seconds
Internal: There are remaining Allocations on the JobTempAlloc. This is a leak, and will impact performance
To Debug, run app with -diag-job-temp-memory-leak-validation cmd line argument. This will output the callstacks of the leaked allocations.
Number of updated asset objects reloaded before import = 0
Number of asset objects unloaded after import = 9
========================================================================
Received Import Request.
  Time since last request: 0.000022 seconds.
  path: Assets/AurynSky/WinterArena/Prefabs/WinterGrass02.prefab
  artifactKey: Guid(782f8fd37bea9cc47a49c354d68d3330) Importer(815301076,1909f56bfc062723c751e8b465ee728b)
Start importing Assets/AurynSky/WinterArena/Prefabs/WinterGrass02.prefab using Guid(782f8fd37bea9cc47a49c354d68d3330) Importer(815301076,1909f56bfc062723c751e8b465ee728b)  -> (artifact id: 'd25828c0fb1af0a6a41581e15f6f1a0b') in 0.068598 seconds
Internal: There are remaining Allocations on the JobTempAlloc. This is a leak, and will impact performance
To Debug, run app with -diag-job-temp-memory-leak-validation cmd line argument. This will output the callstacks of the leaked allocations.
Number of updated asset objects reloaded before import = 0
Number of asset objects unloaded after import = 9
========================================================================
Received Import Request.
  Time since last request: 0.000974 seconds.
  path: Assets/AurynSky/WinterArena/Prefabs/WinterGrass03.prefab
  artifactKey: Guid(03b3fe9d28150e1488a66a62150bb9d9) Importer(815301076,1909f56bfc062723c751e8b465ee728b)
Start importing Assets/AurynSky/WinterArena/Prefabs/WinterGrass03.prefab using Guid(03b3fe9d28150e1488a66a62150bb9d9) Importer(815301076,1909f56bfc062723c751e8b465ee728b)  -> (artifact id: '1a64d84cf3034d6aee5f9b3d3f4b5993') in 0.119002 seconds
Internal: There are remaining Allocations on the JobTempAlloc. This is a leak, and will impact performance
To Debug, run app with -diag-job-temp-memory-leak-validation cmd line argument. This will output the callstacks of the leaked allocations.
Number of updated asset objects reloaded before import = 0
Number of asset objects unloaded after import = 9
========================================================================
Received Import Request.
  Time since last request: 0.000025 seconds.
  path: Assets/AurynSky/WinterArena/Prefabs/WinterGrass04.prefab
  artifactKey: Guid(dbe32a1b9b03b2f40bd79b61157edf80) Importer(815301076,1909f56bfc062723c751e8b465ee728b)
Start importing Assets/AurynSky/WinterArena/Prefabs/WinterGrass04.prefab using Guid(dbe32a1b9b03b2f40bd79b61157edf80) Importer(815301076,1909f56bfc062723c751e8b465ee728b)  -> (artifact id: '3746981b13f8542d62551604421a359e') in 0.074959 seconds
Internal: JobTempAlloc has allocations that are more than the maximum lifespan of 4 frames old - this is not allowed and likely a leak
To Debug, run app with -diag-job-temp-memory-leak-validation cmd line argument. This will output the callstacks of the leaked allocations.
Internal: There are remaining Allocations on the JobTempAlloc. This is a leak, and will impact performance
To Debug, run app with -diag-job-temp-memory-leak-validation cmd line argument. This will output the callstacks of the leaked allocations.
Number of updated asset objects reloaded before import = 0
Number of asset objects unloaded after import = 9
========================================================================
Received Import Request.
  Time since last request: 6.197082 seconds.
  path: Assets/AurynSky/WinterArena/Models
  artifactKey: Guid(97da53d92ea62d44ca9e5f5d0efc2760) Importer(815301076,1909f56bfc062723c751e8b465ee728b)
Start importing Assets/AurynSky/WinterArena/Models using Guid(97da53d92ea62d44ca9e5f5d0efc2760) Importer(815301076,1909f56bfc062723c751e8b465ee728b)  -> (artifact id: '54362cb1649b459df19102d97cf84f01') in 0.000740 seconds
Internal: There are remaining Allocations on the JobTempAlloc. This is a leak, and will impact performance
To Debug, run app with -diag-job-temp-memory-leak-validation cmd line argument. This will output the callstacks of the leaked allocations.
Number of updated asset objects reloaded before import = 0
Number of asset objects unloaded after import = 0
========================================================================
Received Import Request.
  Time since last request: 0.227326 seconds.
  path: Assets/AurynSky/WinterArena/Models/BannerHolder.fbx
  artifactKey: Guid(16645dea5f57ecb4d816b8dcf5050545) Importer(815301076,1909f56bfc062723c751e8b465ee728b)
Start importing Assets/AurynSky/WinterArena/Models/BannerHolder.fbx using Guid(16645dea5f57ecb4d816b8dcf5050545) Importer(815301076,1909f56bfc062723c751e8b465ee728b)  -> (artifact id: '67f9ccf3fc632e23511782164110cad7') in 0.046997 seconds
Internal: There are remaining Allocations on the JobTempAlloc. This is a leak, and will impact performance
To Debug, run app with -diag-job-temp-memory-leak-validation cmd line argument. This will output the callstacks of the leaked allocations.
Number of updated asset objects reloaded before import = 0
Number of asset objects unloaded after import = 8
========================================================================
Received Import Request.
  Time since last request: 0.000016 seconds.
  path: Assets/AurynSky/WinterArena/Models/SnowPile_v2.fbx
  artifactKey: Guid(8f4df8118466c81408568d777ac8f055) Importer(815301076,1909f56bfc062723c751e8b465ee728b)
Start importing Assets/AurynSky/WinterArena/Models/SnowPile_v2.fbx using Guid(8f4df8118466c81408568d777ac8f055) Importer(815301076,1909f56bfc062723c751e8b465ee728b)  -> (artifact id: 'bfa1c0defbff2d492306aa79d33a5937') in 0.033912 seconds
Internal: There are remaining Allocations on the JobTempAlloc. This is a leak, and will impact performance
To Debug, run app with -diag-job-temp-memory-leak-validation cmd line argument. This will output the callstacks of the leaked allocations.
Number of updated asset objects reloaded before import = 0
Number of asset objects unloaded after import = 8
========================================================================
Received Import Request.
  Time since last request: 0.000016 seconds.
  path: Assets/AurynSky/WinterArena/Models/SnowCorner_Short.fbx
  artifactKey: Guid(56b8d1ddbc4264c48935f36e010ebb64) Importer(815301076,1909f56bfc062723c751e8b465ee728b)
Start importing Assets/AurynSky/WinterArena/Models/SnowCorner_Short.fbx using Guid(56b8d1ddbc4264c48935f36e010ebb64) Importer(815301076,1909f56bfc062723c751e8b465ee728b)  -> (artifact id: '282add490174925c698135ffcd3f61cd') in 0.029701 seconds
Internal: There are remaining Allocations on the JobTempAlloc. This is a leak, and will impact performance
To Debug, run app with -diag-job-temp-memory-leak-validation cmd line argument. This will output the callstacks of the leaked allocations.
Number of updated asset objects reloaded before import = 0
Number of asset objects unloaded after import = 8
========================================================================
Received Import Request.
  Time since last request: 0.000013 seconds.
  path: Assets/AurynSky/WinterArena/Models/Tower_W.fbx
  artifactKey: Guid(c73dae5f4a5c46a44b41456bf30328c4) Importer(815301076,1909f56bfc062723c751e8b465ee728b)
Start importing Assets/AurynSky/WinterArena/Models/Tower_W.fbx using Guid(c73dae5f4a5c46a44b41456bf30328c4) Importer(815301076,1909f56bfc062723c751e8b465ee728b)  -> (artifact id: 'c400dd5ad539773ec20a26168275b1b3') in 0.026617 seconds
Internal: There are remaining Allocations on the JobTempAlloc. This is a leak, and will impact performance
To Debug, run app with -diag-job-temp-memory-leak-validation cmd line argument. This will output the callstacks of the leaked allocations.
Number of updated asset objects reloaded before import = 0
Number of asset objects unloaded after import = 8
========================================================================
Received Import Request.
  Time since last request: 0.000013 seconds.
  path: Assets/AurynSky/WinterArena/Models/WinterBrazier.fbx
  artifactKey: Guid(4156a4f102566af40af7101768132060) Importer(815301076,1909f56bfc062723c751e8b465ee728b)
Start importing Assets/AurynSky/WinterArena/Models/WinterBrazier.fbx using Guid(4156a4f102566af40af7101768132060) Importer(815301076,1909f56bfc062723c751e8b465ee728b)  -> (artifact id: '8fe28633dd2a004eecf10c2b88324919') in 0.030721 seconds
Internal: There are remaining Allocations on the JobTempAlloc. This is a leak, and will impact performance
To Debug, run app with -diag-job-temp-memory-leak-validation cmd line argument. This will output the callstacks of the leaked allocations.
Number of updated asset objects reloaded before import = 0
Number of asset objects unloaded after import = 8
========================================================================
Received Import Request.
  Time since last request: 0.000027 seconds.
  path: Assets/AurynSky/WinterArena/Models/SnowCorner_v2.fbx
  artifactKey: Guid(47bfee777d4120a409c6a7536e167684) Importer(815301076,1909f56bfc062723c751e8b465ee728b)
Start importing Assets/AurynSky/WinterArena/Models/SnowCorner_v2.fbx using Guid(47bfee777d4120a409c6a7536e167684) Importer(815301076,1909f56bfc062723c751e8b465ee728b)  -> (artifact id: '2231e096e9ff4c15edf017f96a1a8f5b') in 0.030927 seconds
Internal: There are remaining Allocations on the JobTempAlloc. This is a leak, and will impact performance
To Debug, run app with -diag-job-temp-memory-leak-validation cmd line argument. This will output the callstacks of the leaked allocations.
Number of updated asset objects reloaded before import = 0
Number of asset objects unloaded after import = 8
========================================================================
Received Import Request.
  Time since last request: 0.000021 seconds.
  path: Assets/AurynSky/WinterArena/Models/Tower_Window_W.fbx
  artifactKey: Guid(d6c683f8e24767f4b82c6bc522ffc048) Importer(815301076,1909f56bfc062723c751e8b465ee728b)
Start importing Assets/AurynSky/WinterArena/Models/Tower_Window_W.fbx using Guid(d6c683f8e24767f4b82c6bc522ffc048) Importer(815301076,1909f56bfc062723c751e8b465ee728b)  -> (artifact id: 'e384e7cf67e3eb97ec303c5113f93111') in 0.021694 seconds
Internal: There are remaining Allocations on the JobTempAlloc. This is a leak, and will impact performance
To Debug, run app with -diag-job-temp-memory-leak-validation cmd line argument. This will output the callstacks of the leaked allocations.
Number of updated asset objects reloaded before import = 0
Number of asset objects unloaded after import = 8
========================================================================
Received Import Request.
  Time since last request: 0.000041 seconds.
  path: Assets/AurynSky/WinterArena/Models/Flag.fbx
  artifactKey: Guid(5e7fd0079fd82004f9860bf4619d8cca) Importer(815301076,1909f56bfc062723c751e8b465ee728b)
Start importing Assets/AurynSky/WinterArena/Models/Flag.fbx using Guid(5e7fd0079fd82004f9860bf4619d8cca) Importer(815301076,1909f56bfc062723c751e8b465ee728b)  -> (artifact id: 'a7fcf83494163bb348b712b72025b957') in 0.041065 seconds
Internal: There are remaining Allocations on the JobTempAlloc. This is a leak, and will impact performance
To Debug, run app with -diag-job-temp-memory-leak-validation cmd line argument. This will output the callstacks of the leaked allocations.
Number of updated asset objects reloaded before import = 0
Number of asset objects unloaded after import = 24
========================================================================
Received Import Request.
  Time since last request: 0.380478 seconds.
  path: Assets/AurynSky/WinterArena/Models/WinterBridgeWide_Section.fbx
  artifactKey: Guid(6984731c87dc9ff4684710de4974343a) Importer(815301076,1909f56bfc062723c751e8b465ee728b)
Start importing Assets/AurynSky/WinterArena/Models/WinterBridgeWide_Section.fbx using Guid(6984731c87dc9ff4684710de4974343a) Importer(815301076,1909f56bfc062723c751e8b465ee728b)  -> (artifact id: '2d0000dad69aabd6df7ef1d0970596fd') in 0.026154 seconds
Internal: There are remaining Allocations on the JobTempAlloc. This is a leak, and will impact performance
To Debug, run app with -diag-job-temp-memory-leak-validation cmd line argument. This will output the callstacks of the leaked allocations.
Number of updated asset objects reloaded before import = 0
Number of asset objects unloaded after import = 8
========================================================================
Received Import Request.
  Time since last request: 0.000026 seconds.
  path: Assets/AurynSky/WinterArena/Models/WinterCastle.fbx
  artifactKey: Guid(505c98fb2ff991b419e21527526a2d07) Importer(815301076,1909f56bfc062723c751e8b465ee728b)
Start importing Assets/AurynSky/WinterArena/Models/WinterCastle.fbx using Guid(505c98fb2ff991b419e21527526a2d07) Importer(815301076,1909f56bfc062723c751e8b465ee728b)  -> (artifact id: '1c19eae02f856a3bbb1ef12f393cfb8c') in 0.020968 seconds
Internal: There are remaining Allocations on the JobTempAlloc. This is a leak, and will impact performance
To Debug, run app with -diag-job-temp-memory-leak-validation cmd line argument. This will output the callstacks of the leaked allocations.
Number of updated asset objects reloaded before import = 0
Number of asset objects unloaded after import = 8
========================================================================
Received Import Request.
  Time since last request: 0.000029 seconds.
  path: Assets/AurynSky/WinterArena/Models/WinterCastleWindow_v2.fbx
  artifactKey: Guid(c4d02b46eb54340419e128b1878e70ee) Importer(815301076,1909f56bfc062723c751e8b465ee728b)
Start importing Assets/AurynSky/WinterArena/Models/WinterCastleWindow_v2.fbx using Guid(c4d02b46eb54340419e128b1878e70ee) Importer(815301076,1909f56bfc062723c751e8b465ee728b)  -> (artifact id: 'e386c2d515c0666a62a95f29fda331c9') in 0.021438 seconds
Internal: There are remaining Allocations on the JobTempAlloc. This is a leak, and will impact performance
To Debug, run app with -diag-job-temp-memory-leak-validation cmd line argument. This will output the callstacks of the leaked allocations.
Number of updated asset objects reloaded before import = 0
Number of asset objects unloaded after import = 8
========================================================================
Received Import Request.
  Time since last request: 0.000024 seconds.
  path: Assets/AurynSky/WinterArena/Models/WinterCatapultBase.fbx
  artifactKey: Guid(e2de28b2bb15f6d4f970ab17be6b9cd3) Importer(815301076,1909f56bfc062723c751e8b465ee728b)
Start importing Assets/AurynSky/WinterArena/Models/WinterCatapultBase.fbx using Guid(e2de28b2bb15f6d4f970ab17be6b9cd3) Importer(815301076,1909f56bfc062723c751e8b465ee728b)  -> (artifact id: '802f7992e638710192b4a80a43a80259') in 0.026517 seconds
Internal: There are remaining Allocations on the JobTempAlloc. This is a leak, and will impact performance
To Debug, run app with -diag-job-temp-memory-leak-validation cmd line argument. This will output the callstacks of the leaked allocations.
Number of updated asset objects reloaded before import = 0
Number of asset objects unloaded after import = 8
========================================================================
Received Import Request.
  Time since last request: 0.000030 seconds.
  path: Assets/AurynSky/WinterArena/Models/WinterChestBottom.fbx
  artifactKey: Guid(442d058830f1abb4a80196d11a3c9659) Importer(815301076,1909f56bfc062723c751e8b465ee728b)
Start importing Assets/AurynSky/WinterArena/Models/WinterChestBottom.fbx using Guid(442d058830f1abb4a80196d11a3c9659) Importer(815301076,1909f56bfc062723c751e8b465ee728b)  -> (artifact id: 'baf381b251a37b3d701ba480849c20ff') in 0.023920 seconds
Internal: There are remaining Allocations on the JobTempAlloc. This is a leak, and will impact performance
To Debug, run app with -diag-job-temp-memory-leak-validation cmd line argument. This will output the callstacks of the leaked allocations.
Number of updated asset objects reloaded before import = 0
Number of asset objects unloaded after import = 8
========================================================================
Received Import Request.
  Time since last request: 0.000036 seconds.
  path: Assets/AurynSky/WinterArena/Models/WinterCatapultWheel_v2.fbx
  artifactKey: Guid(128b7ab7790e5654d89fb88d7769d284) Importer(815301076,1909f56bfc062723c751e8b465ee728b)
Start importing Assets/AurynSky/WinterArena/Models/WinterCatapultWheel_v2.fbx using Guid(128b7ab7790e5654d89fb88d7769d284) Importer(815301076,1909f56bfc062723c751e8b465ee728b)  -> (artifact id: '9019eac441bc54605ae525978e6ff93d') in 0.029703 seconds
Internal: There are remaining Allocations on the JobTempAlloc. This is a leak, and will impact performance
To Debug, run app with -diag-job-temp-memory-leak-validation cmd line argument. This will output the callstacks of the leaked allocations.
Number of updated asset objects reloaded before import = 0
Number of asset objects unloaded after import = 8
========================================================================
Received Import Request.
  Time since last request: 0.000017 seconds.
  path: Assets/AurynSky/WinterArena/Models/WinterCatapultArm.fbx
  artifactKey: Guid(17137958679cebd48a0e0fac024b24e4) Importer(815301076,1909f56bfc062723c751e8b465ee728b)
Start importing Assets/AurynSky/WinterArena/Models/WinterCatapultArm.fbx using Guid(17137958679cebd48a0e0fac024b24e4) Importer(815301076,1909f56bfc062723c751e8b465ee728b)  -> (artifact id: 'aeee8a6e1cec1f9ef7bb2fbe43fd8b1e') in 0.025185 seconds
Internal: There are remaining Allocations on the JobTempAlloc. This is a leak, and will impact performance
To Debug, run app with -diag-job-temp-memory-leak-validation cmd line argument. This will output the callstacks of the leaked allocations.
Number of updated asset objects reloaded before import = 0
Number of asset objects unloaded after import = 8
========================================================================
Received Import Request.
  Time since last request: 0.279184 seconds.
  path: Assets/AurynSky/WinterArena/Models/WinterChestTop_v3.fbx
  artifactKey: Guid(979d95966ee53d347ad6cd450b4dd0b3) Importer(815301076,1909f56bfc062723c751e8b465ee728b)
Start importing Assets/AurynSky/WinterArena/Models/WinterChestTop_v3.fbx using Guid(979d95966ee53d347ad6cd450b4dd0b3) Importer(815301076,1909f56bfc062723c751e8b465ee728b)  -> (artifact id: 'c401a897d84b3e0ed3ebf93e4f1519e1') in 0.034477 seconds
Internal: There are remaining Allocations on the JobTempAlloc. This is a leak, and will impact performance
To Debug, run app with -diag-job-temp-memory-leak-validation cmd line argument. This will output the callstacks of the leaked allocations.
Number of updated asset objects reloaded before import = 0
Number of asset objects unloaded after import = 8
========================================================================
Received Import Request.
  Time since last request: 0.000020 seconds.
  path: Assets/AurynSky/WinterArena/Models/WinterCubeLarge.fbx
  artifactKey: Guid(8d1071aeff695a44aa0cab916ebf18b7) Importer(815301076,1909f56bfc062723c751e8b465ee728b)
Start importing Assets/AurynSky/WinterArena/Models/WinterCubeLarge.fbx using Guid(8d1071aeff695a44aa0cab916ebf18b7) Importer(815301076,1909f56bfc062723c751e8b465ee728b)  -> (artifact id: '75f4277cbc2c8d5e4ce68730617f42d8') in 0.023457 seconds
Internal: There are remaining Allocations on the JobTempAlloc. This is a leak, and will impact performance
To Debug, run app with -diag-job-temp-memory-leak-validation cmd line argument. This will output the callstacks of the leaked allocations.
Number of updated asset objects reloaded before import = 0
Number of asset objects unloaded after import = 8
========================================================================
Received Import Request.
  Time since last request: 0.000015 seconds.
  path: Assets/AurynSky/WinterArena/Models/WinterCubeMedium_v2.fbx
  artifactKey: Guid(0857f82ff72156b418be3272ca9b8ebb) Importer(815301076,1909f56bfc062723c751e8b465ee728b)
Start importing Assets/AurynSky/WinterArena/Models/WinterCubeMedium_v2.fbx using Guid(0857f82ff72156b418be3272ca9b8ebb) Importer(815301076,1909f56bfc062723c751e8b465ee728b)  -> (artifact id: '658b469b90adef0679d637738ba4b5ef') in 0.030240 seconds
Internal: There are remaining Allocations on the JobTempAlloc. This is a leak, and will impact performance
To Debug, run app with -diag-job-temp-memory-leak-validation cmd line argument. This will output the callstacks of the leaked allocations.
Number of updated asset objects reloaded before import = 0
Number of asset objects unloaded after import = 8
========================================================================
Received Import Request.
  Time since last request: 0.000016 seconds.
  path: Assets/AurynSky/WinterArena/Models/WinterTreeApplesShort_v2.fbx
  artifactKey: Guid(4891de0432d57104ba9c9086b82b9f87) Importer(815301076,1909f56bfc062723c751e8b465ee728b)
Start importing Assets/AurynSky/WinterArena/Models/WinterTreeApplesShort_v2.fbx using Guid(4891de0432d57104ba9c9086b82b9f87) Importer(815301076,1909f56bfc062723c751e8b465ee728b)  -> (artifact id: '8eb9a979106caedf4f1de9271b376a90') in 0.025623 seconds
Internal: There are remaining Allocations on the JobTempAlloc. This is a leak, and will impact performance
To Debug, run app with -diag-job-temp-memory-leak-validation cmd line argument. This will output the callstacks of the leaked allocations.
Number of updated asset objects reloaded before import = 0
Number of asset objects unloaded after import = 8
========================================================================
Received Import Request.
  Time since last request: 0.000012 seconds.
  path: Assets/AurynSky/WinterArena/Models/WinterTower.fbx
  artifactKey: Guid(81ab000137f3aac4fbe46a4e750d464a) Importer(815301076,1909f56bfc062723c751e8b465ee728b)
Start importing Assets/AurynSky/WinterArena/Models/WinterTower.fbx using Guid(81ab000137f3aac4fbe46a4e750d464a) Importer(815301076,1909f56bfc062723c751e8b465ee728b)  -> (artifact id: '18a2bc6b86c80e2eb70f40666be4d91f') in 0.024622 seconds
Internal: There are remaining Allocations on the JobTempAlloc. This is a leak, and will impact performance
To Debug, run app with -diag-job-temp-memory-leak-validation cmd line argument. This will output the callstacks of the leaked allocations.
Number of updated asset objects reloaded before import = 0
Number of asset objects unloaded after import = 8
========================================================================
Received Import Request.
  Time since last request: 0.000016 seconds.
  path: Assets/AurynSky/WinterArena/Models/WinterLadder.fbx
  artifactKey: Guid(04b3bf03cfb76124ab60d808dea4cbc9) Importer(815301076,1909f56bfc062723c751e8b465ee728b)
Start importing Assets/AurynSky/WinterArena/Models/WinterLadder.fbx using Guid(04b3bf03cfb76124ab60d808dea4cbc9) Importer(815301076,1909f56bfc062723c751e8b465ee728b)  -> (artifact id: '23adb8e277e8cbb992a11681c1bf9c1e') in 0.022849 seconds
Internal: There are remaining Allocations on the JobTempAlloc. This is a leak, and will impact performance
To Debug, run app with -diag-job-temp-memory-leak-validation cmd line argument. This will output the callstacks of the leaked allocations.
Number of updated asset objects reloaded before import = 0
Number of asset objects unloaded after import = 8
========================================================================
Received Import Request.
  Time since last request: 0.000020 seconds.
  path: Assets/AurynSky/WinterArena/Models/WinterCubeSmall.fbx
  artifactKey: Guid(19a2a691f7799ef4cafd8491a4431b03) Importer(815301076,1909f56bfc062723c751e8b465ee728b)
Start importing Assets/AurynSky/WinterArena/Models/WinterCubeSmall.fbx using Guid(19a2a691f7799ef4cafd8491a4431b03) Importer(815301076,1909f56bfc062723c751e8b465ee728b)  -> (artifact id: 'ac3b325b5460509ab1f79e4e7a25b6b0') in 0.024663 seconds
Internal: There are remaining Allocations on the JobTempAlloc. This is a leak, and will impact performance
To Debug, run app with -diag-job-temp-memory-leak-validation cmd line argument. This will output the callstacks of the leaked allocations.
Number of updated asset objects reloaded before import = 0
Number of asset objects unloaded after import = 8
========================================================================
Received Import Request.
  Time since last request: 0.000045 seconds.
  path: Assets/AurynSky/WinterArena/Models/WinterGrass03.fbx
  artifactKey: Guid(97b68e2f2f28a2d4b84e3a5beb338e8f) Importer(815301076,1909f56bfc062723c751e8b465ee728b)
Start importing Assets/AurynSky/WinterArena/Models/WinterGrass03.fbx using Guid(97b68e2f2f28a2d4b84e3a5beb338e8f) Importer(815301076,1909f56bfc062723c751e8b465ee728b)  -> (artifact id: 'f724e8adbc70f5bd27c3bd8f99837fdf') in 0.023963 seconds
Internal: There are remaining Allocations on the JobTempAlloc. This is a leak, and will impact performance
To Debug, run app with -diag-job-temp-memory-leak-validation cmd line argument. This will output the callstacks of the leaked allocations.
Number of updated asset objects reloaded before import = 0
Number of asset objects unloaded after import = 8
========================================================================
Received Import Request.
  Time since last request: 0.000014 seconds.
  path: Assets/AurynSky/WinterArena/Models/WinterGrass02.fbx
  artifactKey: Guid(3735fac778456e344a78d55338a4ef47) Importer(815301076,1909f56bfc062723c751e8b465ee728b)
Start importing Assets/AurynSky/WinterArena/Models/WinterGrass02.fbx using Guid(3735fac778456e344a78d55338a4ef47) Importer(815301076,1909f56bfc062723c751e8b465ee728b)  -> (artifact id: '5637b7a83cb7eca1a79760d19e6917bc') in 0.023566 seconds
Internal: There are remaining Allocations on the JobTempAlloc. This is a leak, and will impact performance
To Debug, run app with -diag-job-temp-memory-leak-validation cmd line argument. This will output the callstacks of the leaked allocations.
Number of updated asset objects reloaded before import = 0
Number of asset objects unloaded after import = 8
========================================================================
Received Import Request.
  Time since last request: 0.000016 seconds.
  path: Assets/AurynSky/WinterArena/Models/WinterLadderExtra.fbx
  artifactKey: Guid(994ba9abcf0319247a16e399e834b491) Importer(815301076,1909f56bfc062723c751e8b465ee728b)
Start importing Assets/AurynSky/WinterArena/Models/WinterLadderExtra.fbx using Guid(994ba9abcf0319247a16e399e834b491) Importer(815301076,1909f56bfc062723c751e8b465ee728b)  -> (artifact id: 'f087569c8ce06f811f196c70394aaf3b') in 0.021883 seconds
Internal: There are remaining Allocations on the JobTempAlloc. This is a leak, and will impact performance
To Debug, run app with -diag-job-temp-memory-leak-validation cmd line argument. This will output the callstacks of the leaked allocations.
Number of updated asset objects reloaded before import = 0
Number of asset objects unloaded after import = 8
========================================================================
Received Import Request.
  Time since last request: 0.000016 seconds.
  path: Assets/AurynSky/WinterArena/Models/WinterGroundRockSnow.fbx
  artifactKey: Guid(7e853044eb49cdc4693a9c05951e10fa) Importer(815301076,1909f56bfc062723c751e8b465ee728b)
Start importing Assets/AurynSky/WinterArena/Models/WinterGroundRockSnow.fbx using Guid(7e853044eb49cdc4693a9c05951e10fa) Importer(815301076,1909f56bfc062723c751e8b465ee728b)  -> (artifact id: '363c32aedc593e59832963177a26a2cb') in 0.027321 seconds
Internal: There are remaining Allocations on the JobTempAlloc. This is a leak, and will impact performance
To Debug, run app with -diag-job-temp-memory-leak-validation cmd line argument. This will output the callstacks of the leaked allocations.
Number of updated asset objects reloaded before import = 0
Number of asset objects unloaded after import = 8
========================================================================
Received Import Request.
  Time since last request: 0.212929 seconds.
  path: Assets/AurynSky/WinterArena/Models/WinterTreeAppleTallG_v2.fbx
  artifactKey: Guid(34356a6f96d526843b9580f10abe4e26) Importer(815301076,1909f56bfc062723c751e8b465ee728b)
Start importing Assets/AurynSky/WinterArena/Models/WinterTreeAppleTallG_v2.fbx using Guid(34356a6f96d526843b9580f10abe4e26) Importer(815301076,1909f56bfc062723c751e8b465ee728b)  -> (artifact id: '1983ddee73b7c463a6b5e4424e1a234c') in 0.027704 seconds
Internal: There are remaining Allocations on the JobTempAlloc. This is a leak, and will impact performance
To Debug, run app with -diag-job-temp-memory-leak-validation cmd line argument. This will output the callstacks of the leaked allocations.
Number of updated asset objects reloaded before import = 0
Number of asset objects unloaded after import = 8
========================================================================
Received Import Request.
  Time since last request: 0.000062 seconds.
  path: Assets/AurynSky/WinterArena/Models/WinterTreeDShortG.fbx
  artifactKey: Guid(8878ece11c2917b409a8b9ba9a491f20) Importer(815301076,1909f56bfc062723c751e8b465ee728b)
Start importing Assets/AurynSky/WinterArena/Models/WinterTreeDShortG.fbx using Guid(8878ece11c2917b409a8b9ba9a491f20) Importer(815301076,1909f56bfc062723c751e8b465ee728b)  -> (artifact id: '6e63c8044263af48a19dba36f77a8c72') in 0.030008 seconds
Internal: There are remaining Allocations on the JobTempAlloc. This is a leak, and will impact performance
To Debug, run app with -diag-job-temp-memory-leak-validation cmd line argument. This will output the callstacks of the leaked allocations.
Number of updated asset objects reloaded before import = 0
Number of asset objects unloaded after import = 8
========================================================================
Received Import Request.
  Time since last request: 0.000025 seconds.
  path: Assets/AurynSky/WinterArena/Models/WinterTreePineTall.fbx
  artifactKey: Guid(de7e5cce8d8676244a218979562fa6e0) Importer(815301076,1909f56bfc062723c751e8b465ee728b)
Start importing Assets/AurynSky/WinterArena/Models/WinterTreePineTall.fbx using Guid(de7e5cce8d8676244a218979562fa6e0) Importer(815301076,1909f56bfc062723c751e8b465ee728b)  -> (artifact id: 'b73a0ae961baf9b324075c064ccfd6f2') in 0.025261 seconds
Internal: There are remaining Allocations on the JobTempAlloc. This is a leak, and will impact performance
To Debug, run app with -diag-job-temp-memory-leak-validation cmd line argument. This will output the callstacks of the leaked allocations.
Number of updated asset objects reloaded before import = 0
Number of asset objects unloaded after import = 8
========================================================================
Received Import Request.
  Time since last request: 2.568724 seconds.
  path: Assets/AurynSky/WinterArena/Materials
  artifactKey: Guid(f35f14aaa3d4b034a8d81452802f37de) Importer(815301076,1909f56bfc062723c751e8b465ee728b)
Start importing Assets/AurynSky/WinterArena/Materials using Guid(f35f14aaa3d4b034a8d81452802f37de) Importer(815301076,1909f56bfc062723c751e8b465ee728b)  -> (artifact id: '3ae630035b1d07073ba38c7996b7aeb6') in 0.000765 seconds
Internal: There are remaining Allocations on the JobTempAlloc. This is a leak, and will impact performance
To Debug, run app with -diag-job-temp-memory-leak-validation cmd line argument. This will output the callstacks of the leaked allocations.
Number of updated asset objects reloaded before import = 0
Number of asset objects unloaded after import = 0
========================================================================
Received Import Request.
  Time since last request: 4.476342 seconds.
  path: Assets/New Terrain.asset
  artifactKey: Guid(ac538b6df58486b4d8e3f73c16bec55d) Importer(815301076,1909f56bfc062723c751e8b465ee728b)
Start importing Assets/New Terrain.asset using Guid(ac538b6df58486b4d8e3f73c16bec55d) Importer(815301076,1909f56bfc062723c751e8b465ee728b)  -> (artifact id: '61ae4bf9398b090575d559c39781f624') in 0.006559 seconds
Internal: There are remaining Allocations on the JobTempAlloc. This is a leak, and will impact performance
To Debug, run app with -diag-job-temp-memory-leak-validation cmd line argument. This will output the callstacks of the leaked allocations.
Number of updated asset objects reloaded before import = 0
Number of asset objects unloaded after import = 1
