Using pre-set license
Built from '2022.3/staging' branch; Version is '2022.3.7f1 (b16b3b16c7a0) revision 11627323'; Using compiler version '192829333'; Build Type 'Release'
OS: 'Windows 10  (10.0.19045) 64bit Professional' Language: 'es' Physical Memory: 16125 MB
BatchMode: 1, IsHumanControllingUs: 0, StartBugReporterOnCrash: 0, Is64bit: 1, IsPro: 1

COMMAND LINE ARGUMENTS:
C:\Program Files\Unity\Hub\Editor\2022.3.7f1\Editor\Unity.exe
-adb2
-batchMode
-noUpm
-name
AssetImportWorker0
-projectPath
C:/Users/USUARIO/xD
-logFile
Logs/AssetImportWorker0.log
-srvPort
65508
Successfully changed project path to: C:/Users/USUARIO/xD
C:/Users/USUARIO/xD
[UnityMemory] Configuration Parameters - Can be set up in boot.config
    "memorysetup-bucket-allocator-granularity=16"
    "memorysetup-bucket-allocator-bucket-count=8"
    "memorysetup-bucket-allocator-block-size=33554432"
    "memorysetup-bucket-allocator-block-count=8"
    "memorysetup-main-allocator-block-size=16777216"
    "memorysetup-thread-allocator-block-size=16777216"
    "memorysetup-gfx-main-allocator-block-size=16777216"
    "memorysetup-gfx-thread-allocator-block-size=16777216"
    "memorysetup-cache-allocator-block-size=4194304"
    "memorysetup-typetree-allocator-block-size=2097152"
    "memorysetup-profiler-bucket-allocator-granularity=16"
    "memorysetup-profiler-bucket-allocator-bucket-count=8"
    "memorysetup-profiler-bucket-allocator-block-size=33554432"
    "memorysetup-profiler-bucket-allocator-block-count=8"
    "memorysetup-profiler-allocator-block-size=16777216"
    "memorysetup-profiler-editor-allocator-block-size=1048576"
    "memorysetup-temp-allocator-size-main=16777216"
    "memorysetup-job-temp-allocator-block-size=2097152"
    "memorysetup-job-temp-allocator-block-size-background=1048576"
    "memorysetup-job-temp-allocator-reduction-small-platforms=262144"
    "memorysetup-allocator-temp-initial-block-size-main=262144"
    "memorysetup-allocator-temp-initial-block-size-worker=262144"
    "memorysetup-temp-allocator-size-background-worker=32768"
    "memorysetup-temp-allocator-size-job-worker=262144"
    "memorysetup-temp-allocator-size-preload-manager=33554432"
    "memorysetup-temp-allocator-size-nav-mesh-worker=65536"
    "memorysetup-temp-allocator-size-audio-worker=65536"
    "memorysetup-temp-allocator-size-cloud-worker=32768"
    "memorysetup-temp-allocator-size-gi-baking-worker=262144"
    "memorysetup-temp-allocator-size-gfx=262144"
Player connection [16196] Host "[IP] 192.168.10.2 [Port] 0 [Flags] 2 [Guid] 2002104522 [EditorId] 2002104522 [Version] 1048832 [Id] WindowsEditor(7,DESKTOP-9BE5VN6) [Debug] 1 [PackageName] WindowsEditor [ProjectName] Editor" joined multi-casting on [225.0.0.222:54997]...

Player connection [16196] Host "[IP] 192.168.10.2 [Port] 0 [Flags] 2 [Guid] 2002104522 [EditorId] 2002104522 [Version] 1048832 [Id] WindowsEditor(7,DESKTOP-9BE5VN6) [Debug] 1 [PackageName] WindowsEditor [ProjectName] Editor" joined alternative multi-casting on [225.0.0.222:34997]...

Refreshing native plugins compatible for Editor in 6.27 ms, found 3 plugins.
Preloading 0 native plugins for Editor in 0.00 ms.
Initialize engine version: 2022.3.7f1 (b16b3b16c7a0)
[Subsystems] Discovering subsystems at path C:/Program Files/Unity/Hub/Editor/2022.3.7f1/Editor/Data/Resources/UnitySubsystems
[Subsystems] Discovering subsystems at path C:/Users/USUARIO/xD/Assets
GfxDevice: creating device client; threaded=0; jobified=0
Direct3D:
    Version:  Direct3D 11.0 [level 11.1]
    Renderer: Intel(R) UHD Graphics 730 (ID=0x4692)
    Vendor:   Intel
    VRAM:     8062 MB
    Driver:   30.0.101.1371
Initialize mono
Mono path[0] = 'C:/Program Files/Unity/Hub/Editor/2022.3.7f1/Editor/Data/Managed'
Mono path[1] = 'C:/Program Files/Unity/Hub/Editor/2022.3.7f1/Editor/Data/MonoBleedingEdge/lib/mono/unityjit-win32'
Mono config path = 'C:/Program Files/Unity/Hub/Editor/2022.3.7f1/Editor/Data/MonoBleedingEdge/etc'
Using monoOptions --debugger-agent=transport=dt_socket,embedding=1,server=y,suspend=n,address=127.0.0.1:56724
Begin MonoManager ReloadAssembly
Registering precompiled unity dll's ...
Register platform support module: C:/Program Files/Unity/Hub/Editor/2022.3.7f1/Editor/Data/PlaybackEngines/WebGLSupport/UnityEditor.WebGL.Extensions.dll
Register platform support module: C:/Program Files/Unity/Hub/Editor/2022.3.7f1/Editor/Data/PlaybackEngines/AndroidPlayer/UnityEditor.Android.Extensions.dll
Register platform support module: C:/Program Files/Unity/Hub/Editor/2022.3.7f1/Editor/Data/PlaybackEngines/WindowsStandaloneSupport/UnityEditor.WindowsStandalone.Extensions.dll
Register platform support module: C:/Program Files/Unity/Hub/Editor/2022.3.7f1/Editor/Data/PlaybackEngines/MetroSupport/UnityEditor.UWP.Extensions.dll
Registered in 0.014016 seconds.
- Loaded All Assemblies, in  0.396 seconds
Native extension for UWP target not found
Native extension for WindowsStandalone target not found
Native extension for Android target not found
Android Extension - Scanning For ADB Devices 253 ms
Native extension for WebGL target not found
Mono: successfully reloaded assembly
- Finished resetting the current domain, in  0.554 seconds
Domain Reload Profiling: 949ms
	BeginReloadAssembly (121ms)
		ExecutionOrderSort (0ms)
		DisableScriptedObjects (0ms)
		BackupInstance (0ms)
		ReleaseScriptingObjects (0ms)
		CreateAndSetChildDomain (1ms)
	RebuildCommonClasses (37ms)
	RebuildNativeTypeToScriptingClass (11ms)
	initialDomainReloadingComplete (72ms)
	LoadAllAssembliesAndSetupDomain (153ms)
		LoadAssemblies (120ms)
		RebuildTransferFunctionScriptingTraits (0ms)
		AnalyzeDomain (150ms)
			TypeCache.Refresh (147ms)
				TypeCache.ScanAssembly (134ms)
			ScanForSourceGeneratedMonoScriptInfo (0ms)
			ResolveRequiredComponents (1ms)
	FinalizeReload (555ms)
		ReleaseScriptCaches (0ms)
		RebuildScriptCaches (0ms)
		SetupLoadedEditorAssemblies (495ms)
			LogAssemblyErrors (0ms)
			InitializePlatformSupportModulesInManaged (357ms)
			SetLoadedEditorAssemblies (4ms)
			RefreshPlugins (0ms)
			BeforeProcessingInitializeOnLoad (2ms)
			ProcessInitializeOnLoadAttributes (91ms)
			ProcessInitializeOnLoadMethodAttributes (41ms)
			AfterProcessingInitializeOnLoad (0ms)
			EditorAssembliesLoaded (0ms)
		ExecutionOrderSort2 (0ms)
		AwakeInstancesAfterBackupRestoration (0ms)
========================================================================
Worker process is ready to serve import requests
Begin MonoManager ReloadAssembly
Symbol file LoadedFromMemory doesn't match image C:\Users\USUARIO\xD\Library\PackageCache\com.unity.visualscripting@1.8.0\Editor\VisualScripting.Core\Dependencies\YamlDotNet\Unity.VisualScripting.YamlDotNet.dll
Symbol file LoadedFromMemory doesn't match image C:\Users\USUARIO\xD\Library\PackageCache\com.unity.visualscripting@1.8.0\Editor\VisualScripting.Core\Dependencies\DotNetZip\Unity.VisualScripting.IonicZip.dll
- Loaded All Assemblies, in  0.676 seconds
Refreshing native plugins compatible for Editor in 2.06 ms, found 3 plugins.
Native extension for UWP target not found
Native extension for WindowsStandalone target not found
Native extension for Android target not found
Native extension for WebGL target not found
Mono: successfully reloaded assembly
- Finished resetting the current domain, in  0.488 seconds
Domain Reload Profiling: 1162ms
	BeginReloadAssembly (162ms)
		ExecutionOrderSort (0ms)
		DisableScriptedObjects (5ms)
		BackupInstance (0ms)
		ReleaseScriptingObjects (0ms)
		CreateAndSetChildDomain (23ms)
	RebuildCommonClasses (32ms)
	RebuildNativeTypeToScriptingClass (10ms)
	initialDomainReloadingComplete (37ms)
	LoadAllAssembliesAndSetupDomain (433ms)
		LoadAssemblies (352ms)
		RebuildTransferFunctionScriptingTraits (0ms)
		AnalyzeDomain (183ms)
			TypeCache.Refresh (165ms)
				TypeCache.ScanAssembly (145ms)
			ScanForSourceGeneratedMonoScriptInfo (14ms)
			ResolveRequiredComponents (3ms)
	FinalizeReload (488ms)
		ReleaseScriptCaches (0ms)
		RebuildScriptCaches (0ms)
		SetupLoadedEditorAssemblies (336ms)
			LogAssemblyErrors (0ms)
			InitializePlatformSupportModulesInManaged (27ms)
			SetLoadedEditorAssemblies (4ms)
			RefreshPlugins (0ms)
			BeforeProcessingInitializeOnLoad (55ms)
			ProcessInitializeOnLoadAttributes (225ms)
			ProcessInitializeOnLoadMethodAttributes (19ms)
			AfterProcessingInitializeOnLoad (7ms)
			EditorAssembliesLoaded (0ms)
		ExecutionOrderSort2 (0ms)
		AwakeInstancesAfterBackupRestoration (5ms)
Launched and connected shader compiler UnityShaderCompiler.exe after 0.05 seconds
Refreshing native plugins compatible for Editor in 2.87 ms, found 3 plugins.
Preloading 0 native plugins for Editor in 0.00 ms.
Unloading 3083 Unused Serialized files (Serialized files now loaded: 0)
Unloading 31 unused Assets / (56.8 KB). Loaded Objects now: 3565.
Memory consumption went from 130.8 MB to 130.7 MB.
Total: 3.227000 ms (FindLiveObjects: 0.301800 ms CreateObjectMapping: 0.112500 ms MarkObjects: 2.613600 ms  DeleteObjects: 0.197900 ms)

AssetImportParameters requested are different than current active one (requested -> active):
  custom:container-demuxer-ogg: 62fdf1f143b41e24485cea50d1cbac27 -> 
  custom:video-decoder-ogg-theora: a1e56fd34408186e4bbccfd4996cb3dc -> 
  custom:framework-win-MediaFoundation: 216162199b28c13a410421893ffa2e32 -> 
  custom:CustomObjectIndexerAttribute: 756ad292c208cfabdd7b50bc23989ffe -> 
  custom:container-demuxer-webm: 4f35f7cbe854078d1ac9338744f61a02 -> 
  custom:container-muxer-webm: aa71ff27fc2769a1b78a27578f13a17b -> 
  custom:video-decoder-webm-vp8: 9c59270c3fd7afecdb556c50c9e8de78 -> 
  custom:SearchIndexIgnoredProperties: e643bd26f0fe6173181afceb89e7c659 -> 
  custom:AudioImporter_EditorPlatform: d09bf68614088b80899f8185d706f6e7 -> 
  custom:video-encoder-webm-vp8: eb34c28f22e8b96e1ab97ce403110664 -> 
  custom:audio-decoder-ogg-vorbis: bf7c407c2cedff20999df2af8eb42d56 -> 
  custom:audio-encoder-webm-vorbis: bf7c407c2cedff20999df2af8eb42d56 -> 
========================================================================
Received Import Request.
  Time since last request: 177190.226238 seconds.
  path: Assets/AurynSky/WinterArena/Textures
  artifactKey: Guid(7f73b9ba4b9c74f458f8e6ce45d3b9ed) Importer(815301076,1909f56bfc062723c751e8b465ee728b)
Start importing Assets/AurynSky/WinterArena/Textures using Guid(7f73b9ba4b9c74f458f8e6ce45d3b9ed) Importer(815301076,1909f56bfc062723c751e8b465ee728b)  -> (artifact id: '0a7258072e0bfe4dd8eb2aa3d51afd71') in 0.001857 seconds
Number of updated asset objects reloaded before import = 0
Number of asset objects unloaded after import = 0
========================================================================
Received Import Request.
  Time since last request: 0.000042 seconds.
  path: Assets/AurynSky/WinterArena/Textures/CubeParticleWinter.psd
  artifactKey: Guid(313211716b59d2243a718e8adb509b55) Importer(815301076,1909f56bfc062723c751e8b465ee728b)
Start importing Assets/AurynSky/WinterArena/Textures/CubeParticleWinter.psd using Guid(313211716b59d2243a718e8adb509b55) Importer(815301076,1909f56bfc062723c751e8b465ee728b)  -> (artifact id: 'd7c90966411e48417e0cdc09d83b6597') in 0.055251 seconds
Number of updated asset objects reloaded before import = 0
Number of asset objects unloaded after import = 2
========================================================================
Received Import Request.
  Time since last request: 2.668250 seconds.
  path: Assets/AurynSky/WinterArena/Prefabs/Fire&Smoke.prefab
  artifactKey: Guid(4a8fc365f726ad54693945c87f027798) Importer(815301076,1909f56bfc062723c751e8b465ee728b)
Start importing Assets/AurynSky/WinterArena/Prefabs/Fire&Smoke.prefab using Guid(4a8fc365f726ad54693945c87f027798) Importer(815301076,1909f56bfc062723c751e8b465ee728b)  -> (artifact id: '13309468ad947ddd55b504d79da9683d') in 0.042319 seconds
Number of updated asset objects reloaded before import = 0
Number of asset objects unloaded after import = 26
========================================================================
Received Import Request.
  Time since last request: 0.000017 seconds.
  path: Assets/AurynSky/WinterArena/Prefabs/WinterBarrel.prefab
  artifactKey: Guid(6bfdbfdfc7f8f5a4cb98436db660e656) Importer(815301076,1909f56bfc062723c751e8b465ee728b)
Start importing Assets/AurynSky/WinterArena/Prefabs/WinterBarrel.prefab using Guid(6bfdbfdfc7f8f5a4cb98436db660e656) Importer(815301076,1909f56bfc062723c751e8b465ee728b)  -> (artifact id: '4ab7e6929936de23eaec2843b4579da2') in 0.028561 seconds
Number of updated asset objects reloaded before import = 0
Number of asset objects unloaded after import = 9
========================================================================
Received Import Request.
  Time since last request: 0.000017 seconds.
  path: Assets/AurynSky/WinterArena/Prefabs/WinterCastleDoor_R.prefab
  artifactKey: Guid(64e5026b75c226d4a8ee7eeca1a02a1d) Importer(815301076,1909f56bfc062723c751e8b465ee728b)
Start importing Assets/AurynSky/WinterArena/Prefabs/WinterCastleDoor_R.prefab using Guid(64e5026b75c226d4a8ee7eeca1a02a1d) Importer(815301076,1909f56bfc062723c751e8b465ee728b)  -> (artifact id: 'b4cd514bd4a071a1d11ca00344c7cd73') in 0.019303 seconds
Number of updated asset objects reloaded before import = 0
Number of asset objects unloaded after import = 9
========================================================================
Received Import Request.
  Time since last request: 0.000013 seconds.
  path: Assets/AurynSky/WinterArena/Prefabs/WinterCatapult_Ski.prefab
  artifactKey: Guid(98d17d9530a570342ba48ca7b5c7642b) Importer(815301076,1909f56bfc062723c751e8b465ee728b)
Start importing Assets/AurynSky/WinterArena/Prefabs/WinterCatapult_Ski.prefab using Guid(98d17d9530a570342ba48ca7b5c7642b) Importer(815301076,1909f56bfc062723c751e8b465ee728b)  -> (artifact id: '01b53d9a3968ce4b9073e007d32edc02') in 0.041051 seconds
Number of updated asset objects reloaded before import = 0
Number of asset objects unloaded after import = 64
========================================================================
Received Import Request.
  Time since last request: 0.000017 seconds.
  path: Assets/AurynSky/WinterArena/Prefabs/WinterBridgeWide_Section.prefab
  artifactKey: Guid(e685212d9f39dc942b2b23c23a7a719d) Importer(815301076,1909f56bfc062723c751e8b465ee728b)
Start importing Assets/AurynSky/WinterArena/Prefabs/WinterBridgeWide_Section.prefab using Guid(e685212d9f39dc942b2b23c23a7a719d) Importer(815301076,1909f56bfc062723c751e8b465ee728b)  -> (artifact id: 'f4985b623cdcc0fe65356dc084252058') in 0.026521 seconds
Number of updated asset objects reloaded before import = 0
Number of asset objects unloaded after import = 9
========================================================================
Received Import Request.
  Time since last request: 0.000036 seconds.
  path: Assets/AurynSky/WinterArena/Prefabs/Smoke.prefab
  artifactKey: Guid(ed488ac10aefc794eb9d16dd3719e791) Importer(815301076,1909f56bfc062723c751e8b465ee728b)
Start importing Assets/AurynSky/WinterArena/Prefabs/Smoke.prefab using Guid(ed488ac10aefc794eb9d16dd3719e791) Importer(815301076,1909f56bfc062723c751e8b465ee728b)  -> (artifact id: 'f28cc44e6691b33b3d47479f15eaace5') in 0.019208 seconds
Number of updated asset objects reloaded before import = 0
Number of asset objects unloaded after import = 8
========================================================================
Received Import Request.
  Time since last request: 0.705613 seconds.
  path: Assets/AurynSky/WinterArena/Prefabs/WinterChest.prefab
  artifactKey: Guid(115720bd171d59440b9e96d883e33e5a) Importer(815301076,1909f56bfc062723c751e8b465ee728b)
Start importing Assets/AurynSky/WinterArena/Prefabs/WinterChest.prefab using Guid(115720bd171d59440b9e96d883e33e5a) Importer(815301076,1909f56bfc062723c751e8b465ee728b)  -> (artifact id: '06406a880fc48f6169f19d7d66b37257') in 0.088872 seconds
Internal: There are remaining Allocations on the JobTempAlloc. This is a leak, and will impact performance
To Debug, run app with -diag-job-temp-memory-leak-validation cmd line argument. This will output the callstacks of the leaked allocations.
Number of updated asset objects reloaded before import = 0
Number of asset objects unloaded after import = 47
========================================================================
Received Import Request.
  Time since last request: 0.000104 seconds.
  path: Assets/AurynSky/WinterArena/Prefabs/WinterCubeMedium_v2.prefab
  artifactKey: Guid(92d606e97beec3941abbdb60fc8a3f90) Importer(815301076,1909f56bfc062723c751e8b465ee728b)
Start importing Assets/AurynSky/WinterArena/Prefabs/WinterCubeMedium_v2.prefab using Guid(92d606e97beec3941abbdb60fc8a3f90) Importer(815301076,1909f56bfc062723c751e8b465ee728b)  -> (artifact id: '1b4d50f39ee49ad71337458880e9ebbe') in 0.019893 seconds
Internal: There are remaining Allocations on the JobTempAlloc. This is a leak, and will impact performance
To Debug, run app with -diag-job-temp-memory-leak-validation cmd line argument. This will output the callstacks of the leaked allocations.
Number of updated asset objects reloaded before import = 0
Number of asset objects unloaded after import = 9
========================================================================
Received Import Request.
  Time since last request: 0.000056 seconds.
  path: Assets/AurynSky/WinterArena/Prefabs/WinterCrate_LG.prefab
  artifactKey: Guid(1ce2ab11f64c7334e9260fb81ac10a90) Importer(815301076,1909f56bfc062723c751e8b465ee728b)
Start importing Assets/AurynSky/WinterArena/Prefabs/WinterCrate_LG.prefab using Guid(1ce2ab11f64c7334e9260fb81ac10a90) Importer(815301076,1909f56bfc062723c751e8b465ee728b)  -> (artifact id: '40cc53f77e9e7091c8fad4b952fa300a') in 0.024752 seconds
Internal: There are remaining Allocations on the JobTempAlloc. This is a leak, and will impact performance
To Debug, run app with -diag-job-temp-memory-leak-validation cmd line argument. This will output the callstacks of the leaked allocations.
Number of updated asset objects reloaded before import = 0
Number of asset objects unloaded after import = 9
========================================================================
Received Import Request.
  Time since last request: 0.000043 seconds.
  path: Assets/AurynSky/WinterArena/Prefabs/WinterGrass01.prefab
  artifactKey: Guid(f3a2edfa0cd95b043bb4f44f93320140) Importer(815301076,1909f56bfc062723c751e8b465ee728b)
Start importing Assets/AurynSky/WinterArena/Prefabs/WinterGrass01.prefab using Guid(f3a2edfa0cd95b043bb4f44f93320140) Importer(815301076,1909f56bfc062723c751e8b465ee728b)  -> (artifact id: 'd6cfb3c3523974e0a1ee5d545c06534c') in 0.062984 seconds
Internal: There are remaining Allocations on the JobTempAlloc. This is a leak, and will impact performance
To Debug, run app with -diag-job-temp-memory-leak-validation cmd line argument. This will output the callstacks of the leaked allocations.
Number of updated asset objects reloaded before import = 0
Number of asset objects unloaded after import = 9
========================================================================
Received Import Request.
  Time since last request: 0.000525 seconds.
  path: Assets/AurynSky/WinterArena/Prefabs/WinterCrate_MD.prefab
  artifactKey: Guid(d45e0d96dfe73c145b5cbc18a2e41084) Importer(815301076,1909f56bfc062723c751e8b465ee728b)
Start importing Assets/AurynSky/WinterArena/Prefabs/WinterCrate_MD.prefab using Guid(d45e0d96dfe73c145b5cbc18a2e41084) Importer(815301076,1909f56bfc062723c751e8b465ee728b)  -> (artifact id: 'd87d7d6e5696e598b51185ea05505ffc') in 0.066922 seconds
Internal: There are remaining Allocations on the JobTempAlloc. This is a leak, and will impact performance
To Debug, run app with -diag-job-temp-memory-leak-validation cmd line argument. This will output the callstacks of the leaked allocations.
Number of updated asset objects reloaded before import = 0
Number of asset objects unloaded after import = 9
========================================================================
Received Import Request.
  Time since last request: 0.000050 seconds.
  path: Assets/AurynSky/WinterArena/Prefabs/WinterCubeSmall.prefab
  artifactKey: Guid(ca82f072d2f3d05478ee75b36046a757) Importer(815301076,1909f56bfc062723c751e8b465ee728b)
Start importing Assets/AurynSky/WinterArena/Prefabs/WinterCubeSmall.prefab using Guid(ca82f072d2f3d05478ee75b36046a757) Importer(815301076,1909f56bfc062723c751e8b465ee728b)  -> (artifact id: '7321605997a3c01cb6f271662f2f8478') in 0.121511 seconds
Internal: There are remaining Allocations on the JobTempAlloc. This is a leak, and will impact performance
To Debug, run app with -diag-job-temp-memory-leak-validation cmd line argument. This will output the callstacks of the leaked allocations.
Number of updated asset objects reloaded before import = 0
Number of asset objects unloaded after import = 9
========================================================================
Received Import Request.
  Time since last request: 6.454980 seconds.
  path: Assets/AurynSky/WinterArena/Models/BannerHolder_v2.fbx
  artifactKey: Guid(4168370b6320ade4eb4cf642f01a10e2) Importer(815301076,1909f56bfc062723c751e8b465ee728b)
Start importing Assets/AurynSky/WinterArena/Models/BannerHolder_v2.fbx using Guid(4168370b6320ade4eb4cf642f01a10e2) Importer(815301076,1909f56bfc062723c751e8b465ee728b)  -> (artifact id: 'f5de898be7122f7088499d72f37df082') in 0.046910 seconds
Internal: JobTempAlloc has allocations that are more than the maximum lifespan of 4 frames old - this is not allowed and likely a leak
To Debug, run app with -diag-job-temp-memory-leak-validation cmd line argument. This will output the callstacks of the leaked allocations.
Internal: There are remaining Allocations on the JobTempAlloc. This is a leak, and will impact performance
To Debug, run app with -diag-job-temp-memory-leak-validation cmd line argument. This will output the callstacks of the leaked allocations.
Number of updated asset objects reloaded before import = 0
Number of asset objects unloaded after import = 8
========================================================================
Received Import Request.
  Time since last request: 0.000025 seconds.
  path: Assets/AurynSky/WinterArena/Models/SnowLine.fbx
  artifactKey: Guid(e51a4b17b643e1b4cb72f15cde8b9b00) Importer(815301076,1909f56bfc062723c751e8b465ee728b)
Start importing Assets/AurynSky/WinterArena/Models/SnowLine.fbx using Guid(e51a4b17b643e1b4cb72f15cde8b9b00) Importer(815301076,1909f56bfc062723c751e8b465ee728b)  -> (artifact id: '1b4352e1041d95b596bd0afd2c8747ec') in 0.031245 seconds
Internal: There are remaining Allocations on the JobTempAlloc. This is a leak, and will impact performance
To Debug, run app with -diag-job-temp-memory-leak-validation cmd line argument. This will output the callstacks of the leaked allocations.
Number of updated asset objects reloaded before import = 0
Number of asset objects unloaded after import = 8
========================================================================
Received Import Request.
  Time since last request: 0.000020 seconds.
  path: Assets/AurynSky/WinterArena/Models/SnowEnd_v2.fbx
  artifactKey: Guid(25a7a2e0e4b37e845b922aa6deab4d69) Importer(815301076,1909f56bfc062723c751e8b465ee728b)
Start importing Assets/AurynSky/WinterArena/Models/SnowEnd_v2.fbx using Guid(25a7a2e0e4b37e845b922aa6deab4d69) Importer(815301076,1909f56bfc062723c751e8b465ee728b)  -> (artifact id: 'd3a211e1d1a35d670048fc32f7466272') in 0.031536 seconds
Internal: There are remaining Allocations on the JobTempAlloc. This is a leak, and will impact performance
To Debug, run app with -diag-job-temp-memory-leak-validation cmd line argument. This will output the callstacks of the leaked allocations.
Number of updated asset objects reloaded before import = 0
Number of asset objects unloaded after import = 8
========================================================================
Received Import Request.
  Time since last request: 0.000021 seconds.
  path: Assets/AurynSky/WinterArena/Models/SnowLine_v2.fbx
  artifactKey: Guid(37973dfa0f3988f49ba283bd9076dbce) Importer(815301076,1909f56bfc062723c751e8b465ee728b)
Start importing Assets/AurynSky/WinterArena/Models/SnowLine_v2.fbx using Guid(37973dfa0f3988f49ba283bd9076dbce) Importer(815301076,1909f56bfc062723c751e8b465ee728b)  -> (artifact id: '26e1f35262890f167bbfec72f5ecb3ef') in 0.027057 seconds
Internal: There are remaining Allocations on the JobTempAlloc. This is a leak, and will impact performance
To Debug, run app with -diag-job-temp-memory-leak-validation cmd line argument. This will output the callstacks of the leaked allocations.
Number of updated asset objects reloaded before import = 0
Number of asset objects unloaded after import = 8
========================================================================
Received Import Request.
  Time since last request: 0.000028 seconds.
  path: Assets/AurynSky/WinterArena/Models/Shovel.fbx
  artifactKey: Guid(4ae327ac4fdca834f8e5130823945892) Importer(815301076,1909f56bfc062723c751e8b465ee728b)
Start importing Assets/AurynSky/WinterArena/Models/Shovel.fbx using Guid(4ae327ac4fdca834f8e5130823945892) Importer(815301076,1909f56bfc062723c751e8b465ee728b)  -> (artifact id: '3a673d5a662799f17385e2d4f67afa81') in 0.030853 seconds
Internal: There are remaining Allocations on the JobTempAlloc. This is a leak, and will impact performance
To Debug, run app with -diag-job-temp-memory-leak-validation cmd line argument. This will output the callstacks of the leaked allocations.
Number of updated asset objects reloaded before import = 0
Number of asset objects unloaded after import = 8
========================================================================
Received Import Request.
  Time since last request: 0.000016 seconds.
  path: Assets/AurynSky/WinterArena/Models/SnowCorner_v3.fbx
  artifactKey: Guid(2e70aebc2e50b71409acfef0edbfd119) Importer(815301076,1909f56bfc062723c751e8b465ee728b)
Start importing Assets/AurynSky/WinterArena/Models/SnowCorner_v3.fbx using Guid(2e70aebc2e50b71409acfef0edbfd119) Importer(815301076,1909f56bfc062723c751e8b465ee728b)  -> (artifact id: '02931d4486620b8477a3a4ea20a7b9d7') in 0.029511 seconds
Internal: There are remaining Allocations on the JobTempAlloc. This is a leak, and will impact performance
To Debug, run app with -diag-job-temp-memory-leak-validation cmd line argument. This will output the callstacks of the leaked allocations.
Number of updated asset objects reloaded before import = 0
Number of asset objects unloaded after import = 8
========================================================================
Received Import Request.
  Time since last request: 0.000052 seconds.
  path: Assets/AurynSky/WinterArena/Models/SnowEnd.fbx
  artifactKey: Guid(b0afcbbf94f580d49bb606b0d50b7f2c) Importer(815301076,1909f56bfc062723c751e8b465ee728b)
Start importing Assets/AurynSky/WinterArena/Models/SnowEnd.fbx using Guid(b0afcbbf94f580d49bb606b0d50b7f2c) Importer(815301076,1909f56bfc062723c751e8b465ee728b)  -> (artifact id: '06c727c4ea7c1044cf1d70009d1750a0') in 0.024590 seconds
Internal: There are remaining Allocations on the JobTempAlloc. This is a leak, and will impact performance
To Debug, run app with -diag-job-temp-memory-leak-validation cmd line argument. This will output the callstacks of the leaked allocations.
Number of updated asset objects reloaded before import = 0
Number of asset objects unloaded after import = 8
========================================================================
Received Import Request.
  Time since last request: 0.000015 seconds.
  path: Assets/AurynSky/WinterArena/Models/WinterBrazier_v2.fbx
  artifactKey: Guid(28a336976289fb146bce57c8bb0815fc) Importer(815301076,1909f56bfc062723c751e8b465ee728b)
Start importing Assets/AurynSky/WinterArena/Models/WinterBrazier_v2.fbx using Guid(28a336976289fb146bce57c8bb0815fc) Importer(815301076,1909f56bfc062723c751e8b465ee728b)  -> (artifact id: '663a5b2222c13aa98f22121e86bd4405') in 0.031594 seconds
Internal: There are remaining Allocations on the JobTempAlloc. This is a leak, and will impact performance
To Debug, run app with -diag-job-temp-memory-leak-validation cmd line argument. This will output the callstacks of the leaked allocations.
Number of updated asset objects reloaded before import = 0
Number of asset objects unloaded after import = 8
========================================================================
Received Import Request.
  Time since last request: 0.388769 seconds.
  path: Assets/AurynSky/WinterArena/Models/WinterCannonBall.fbx
  artifactKey: Guid(3ac86b5d48b1c49478cdc2d039a1d595) Importer(815301076,1909f56bfc062723c751e8b465ee728b)
Start importing Assets/AurynSky/WinterArena/Models/WinterCannonBall.fbx using Guid(3ac86b5d48b1c49478cdc2d039a1d595) Importer(815301076,1909f56bfc062723c751e8b465ee728b)  -> (artifact id: '31596c2bbfc8a6ed7cf6162188d01081') in 0.026518 seconds
Internal: There are remaining Allocations on the JobTempAlloc. This is a leak, and will impact performance
To Debug, run app with -diag-job-temp-memory-leak-validation cmd line argument. This will output the callstacks of the leaked allocations.
Number of updated asset objects reloaded before import = 0
Number of asset objects unloaded after import = 8
========================================================================
Received Import Request.
  Time since last request: 0.000015 seconds.
  path: Assets/AurynSky/WinterArena/Models/WinterCastleDoor_v2_L.fbx
  artifactKey: Guid(b2b17b721926dcb4a9d55f03151c8b22) Importer(815301076,1909f56bfc062723c751e8b465ee728b)
Start importing Assets/AurynSky/WinterArena/Models/WinterCastleDoor_v2_L.fbx using Guid(b2b17b721926dcb4a9d55f03151c8b22) Importer(815301076,1909f56bfc062723c751e8b465ee728b)  -> (artifact id: '22426de727c4820595839b38d124cc46') in 0.020670 seconds
Internal: There are remaining Allocations on the JobTempAlloc. This is a leak, and will impact performance
To Debug, run app with -diag-job-temp-memory-leak-validation cmd line argument. This will output the callstacks of the leaked allocations.
Number of updated asset objects reloaded before import = 0
Number of asset objects unloaded after import = 8
========================================================================
Received Import Request.
  Time since last request: 0.000018 seconds.
  path: Assets/AurynSky/WinterArena/Models/WinterCatapultSki.fbx
  artifactKey: Guid(9040094e8183088489935f9f6d6a6bc5) Importer(815301076,1909f56bfc062723c751e8b465ee728b)
Start importing Assets/AurynSky/WinterArena/Models/WinterCatapultSki.fbx using Guid(9040094e8183088489935f9f6d6a6bc5) Importer(815301076,1909f56bfc062723c751e8b465ee728b)  -> (artifact id: '603286a701be44bd9966f44494f6da87') in 0.021487 seconds
Internal: There are remaining Allocations on the JobTempAlloc. This is a leak, and will impact performance
To Debug, run app with -diag-job-temp-memory-leak-validation cmd line argument. This will output the callstacks of the leaked allocations.
Number of updated asset objects reloaded before import = 0
Number of asset objects unloaded after import = 8
========================================================================
Received Import Request.
  Time since last request: 0.000013 seconds.
  path: Assets/AurynSky/WinterArena/Models/WinterCastle_v2.fbx
  artifactKey: Guid(648498381b2b86740b13fcd28c3e047e) Importer(815301076,1909f56bfc062723c751e8b465ee728b)
Start importing Assets/AurynSky/WinterArena/Models/WinterCastle_v2.fbx using Guid(648498381b2b86740b13fcd28c3e047e) Importer(815301076,1909f56bfc062723c751e8b465ee728b)  -> (artifact id: '4bf3ded9d03fc81f9fec771d0d6c35c9') in 0.026534 seconds
Internal: There are remaining Allocations on the JobTempAlloc. This is a leak, and will impact performance
To Debug, run app with -diag-job-temp-memory-leak-validation cmd line argument. This will output the callstacks of the leaked allocations.
Number of updated asset objects reloaded before import = 0
Number of asset objects unloaded after import = 8
========================================================================
Received Import Request.
  Time since last request: 0.000014 seconds.
  path: Assets/AurynSky/WinterArena/Models/WinterCastleDoor_R.fbx
  artifactKey: Guid(3995bf63cdc77a049b62ba2709f69583) Importer(815301076,1909f56bfc062723c751e8b465ee728b)
Start importing Assets/AurynSky/WinterArena/Models/WinterCastleDoor_R.fbx using Guid(3995bf63cdc77a049b62ba2709f69583) Importer(815301076,1909f56bfc062723c751e8b465ee728b)  -> (artifact id: 'ccde63e47724a79e9e18194ce2d6a0b5') in 0.023690 seconds
Internal: There are remaining Allocations on the JobTempAlloc. This is a leak, and will impact performance
To Debug, run app with -diag-job-temp-memory-leak-validation cmd line argument. This will output the callstacks of the leaked allocations.
Number of updated asset objects reloaded before import = 0
Number of asset objects unloaded after import = 8
========================================================================
Received Import Request.
  Time since last request: 0.000040 seconds.
  path: Assets/AurynSky/WinterArena/Models/WinterCatapultArm_v2.fbx
  artifactKey: Guid(5cfaeb9cc4d0f2949a8144cade6f16e2) Importer(815301076,1909f56bfc062723c751e8b465ee728b)
Start importing Assets/AurynSky/WinterArena/Models/WinterCatapultArm_v2.fbx using Guid(5cfaeb9cc4d0f2949a8144cade6f16e2) Importer(815301076,1909f56bfc062723c751e8b465ee728b)  -> (artifact id: '00faf94ff85aaa9c1b7f8b28e0b8cecf') in 0.029447 seconds
Internal: There are remaining Allocations on the JobTempAlloc. This is a leak, and will impact performance
To Debug, run app with -diag-job-temp-memory-leak-validation cmd line argument. This will output the callstacks of the leaked allocations.
Number of updated asset objects reloaded before import = 0
Number of asset objects unloaded after import = 8
========================================================================
Received Import Request.
  Time since last request: 0.000045 seconds.
  path: Assets/AurynSky/WinterArena/Models/WinterChestTop_v2.fbx
  artifactKey: Guid(8eae438ad6898e6468acefadc136ec8b) Importer(815301076,1909f56bfc062723c751e8b465ee728b)
Start importing Assets/AurynSky/WinterArena/Models/WinterChestTop_v2.fbx using Guid(8eae438ad6898e6468acefadc136ec8b) Importer(815301076,1909f56bfc062723c751e8b465ee728b)  -> (artifact id: 'bad9db2e31074fe96be6d2f869c7736a') in 0.024990 seconds
Internal: There are remaining Allocations on the JobTempAlloc. This is a leak, and will impact performance
To Debug, run app with -diag-job-temp-memory-leak-validation cmd line argument. This will output the callstacks of the leaked allocations.
Number of updated asset objects reloaded before import = 0
Number of asset objects unloaded after import = 8
========================================================================
Received Import Request.
  Time since last request: 0.000022 seconds.
  path: Assets/AurynSky/WinterArena/Models/WinterCatapultWheel.fbx
  artifactKey: Guid(41c1d6b0e7c0b884fa2018d178c70433) Importer(815301076,1909f56bfc062723c751e8b465ee728b)
Start importing Assets/AurynSky/WinterArena/Models/WinterCatapultWheel.fbx using Guid(41c1d6b0e7c0b884fa2018d178c70433) Importer(815301076,1909f56bfc062723c751e8b465ee728b)  -> (artifact id: '8e9c46ec1d0257ec1666ae72ba109132') in 0.022582 seconds
Internal: There are remaining Allocations on the JobTempAlloc. This is a leak, and will impact performance
To Debug, run app with -diag-job-temp-memory-leak-validation cmd line argument. This will output the callstacks of the leaked allocations.
Number of updated asset objects reloaded before import = 0
Number of asset objects unloaded after import = 8
========================================================================
Received Import Request.
  Time since last request: 0.256217 seconds.
  path: Assets/AurynSky/WinterArena/Models/WinterCoin.fbx
  artifactKey: Guid(d56b202810e8da14c95841afa026cd52) Importer(815301076,1909f56bfc062723c751e8b465ee728b)
Start importing Assets/AurynSky/WinterArena/Models/WinterCoin.fbx using Guid(d56b202810e8da14c95841afa026cd52) Importer(815301076,1909f56bfc062723c751e8b465ee728b)  -> (artifact id: 'a396a50ebedcd9a5f309bc68508479e7') in 0.033496 seconds
Internal: There are remaining Allocations on the JobTempAlloc. This is a leak, and will impact performance
To Debug, run app with -diag-job-temp-memory-leak-validation cmd line argument. This will output the callstacks of the leaked allocations.
Number of updated asset objects reloaded before import = 0
Number of asset objects unloaded after import = 8
========================================================================
Received Import Request.
  Time since last request: 0.000015 seconds.
  path: Assets/AurynSky/WinterArena/Models/WinterGroundDirt.fbx
  artifactKey: Guid(fa84981206a101a43b4b54b51dfccbe8) Importer(815301076,1909f56bfc062723c751e8b465ee728b)
Start importing Assets/AurynSky/WinterArena/Models/WinterGroundDirt.fbx using Guid(fa84981206a101a43b4b54b51dfccbe8) Importer(815301076,1909f56bfc062723c751e8b465ee728b)  -> (artifact id: 'c8c73f66d304bce34f0abd4d0e5bc570') in 0.022948 seconds
Internal: There are remaining Allocations on the JobTempAlloc. This is a leak, and will impact performance
To Debug, run app with -diag-job-temp-memory-leak-validation cmd line argument. This will output the callstacks of the leaked allocations.
Number of updated asset objects reloaded before import = 0
Number of asset objects unloaded after import = 8
========================================================================
Received Import Request.
  Time since last request: 0.000023 seconds.
  path: Assets/AurynSky/WinterArena/Models/WinterGroundRockSnow_v2.fbx
  artifactKey: Guid(bd173fa504295db4f99d8e0d36e458d8) Importer(815301076,1909f56bfc062723c751e8b465ee728b)
Start importing Assets/AurynSky/WinterArena/Models/WinterGroundRockSnow_v2.fbx using Guid(bd173fa504295db4f99d8e0d36e458d8) Importer(815301076,1909f56bfc062723c751e8b465ee728b)  -> (artifact id: 'be95570982e98501f9db81555d4f1a1f') in 0.031605 seconds
Internal: There are remaining Allocations on the JobTempAlloc. This is a leak, and will impact performance
To Debug, run app with -diag-job-temp-memory-leak-validation cmd line argument. This will output the callstacks of the leaked allocations.
Number of updated asset objects reloaded before import = 0
Number of asset objects unloaded after import = 8
========================================================================
Received Import Request.
  Time since last request: 0.000022 seconds.
  path: Assets/AurynSky/WinterArena/Models/WinterTreeApplesShort.fbx
  artifactKey: Guid(74aac7f73aa0df4449a51eca299fa4f9) Importer(815301076,1909f56bfc062723c751e8b465ee728b)
Start importing Assets/AurynSky/WinterArena/Models/WinterTreeApplesShort.fbx using Guid(74aac7f73aa0df4449a51eca299fa4f9) Importer(815301076,1909f56bfc062723c751e8b465ee728b)  -> (artifact id: 'db830e33b3294cb0d5f08f3adc875c25') in 0.025736 seconds
Internal: There are remaining Allocations on the JobTempAlloc. This is a leak, and will impact performance
To Debug, run app with -diag-job-temp-memory-leak-validation cmd line argument. This will output the callstacks of the leaked allocations.
Number of updated asset objects reloaded before import = 0
Number of asset objects unloaded after import = 8
========================================================================
Received Import Request.
  Time since last request: 0.000016 seconds.
  path: Assets/AurynSky/WinterArena/Models/WinterTreeAppleTall_v2.fbx
  artifactKey: Guid(13d51054d8b6f45449e0d0fa4b68e294) Importer(815301076,1909f56bfc062723c751e8b465ee728b)
Start importing Assets/AurynSky/WinterArena/Models/WinterTreeAppleTall_v2.fbx using Guid(13d51054d8b6f45449e0d0fa4b68e294) Importer(815301076,1909f56bfc062723c751e8b465ee728b)  -> (artifact id: '98d55824b8a96c23cfc85c89920195b8') in 0.024968 seconds
Internal: There are remaining Allocations on the JobTempAlloc. This is a leak, and will impact performance
To Debug, run app with -diag-job-temp-memory-leak-validation cmd line argument. This will output the callstacks of the leaked allocations.
Number of updated asset objects reloaded before import = 0
Number of asset objects unloaded after import = 8
========================================================================
Received Import Request.
  Time since last request: 0.000039 seconds.
  path: Assets/AurynSky/WinterArena/Models/WinterCubeMedium.fbx
  artifactKey: Guid(a191ff0f63e250849a8393e269f1d961) Importer(815301076,1909f56bfc062723c751e8b465ee728b)
Start importing Assets/AurynSky/WinterArena/Models/WinterCubeMedium.fbx using Guid(a191ff0f63e250849a8393e269f1d961) Importer(815301076,1909f56bfc062723c751e8b465ee728b)  -> (artifact id: '5c7d6d1bc1d74058932afa6579d9847d') in 0.022271 seconds
Internal: There are remaining Allocations on the JobTempAlloc. This is a leak, and will impact performance
To Debug, run app with -diag-job-temp-memory-leak-validation cmd line argument. This will output the callstacks of the leaked allocations.
Number of updated asset objects reloaded before import = 0
Number of asset objects unloaded after import = 8
========================================================================
Received Import Request.
  Time since last request: 0.000022 seconds.
  path: Assets/AurynSky/WinterArena/Models/WinterGroundDirtSnow_v2.fbx
  artifactKey: Guid(b149e8403a24bdb47a1be98afcbc803c) Importer(815301076,1909f56bfc062723c751e8b465ee728b)
Start importing Assets/AurynSky/WinterArena/Models/WinterGroundDirtSnow_v2.fbx using Guid(b149e8403a24bdb47a1be98afcbc803c) Importer(815301076,1909f56bfc062723c751e8b465ee728b)  -> (artifact id: '8f97d29f6ecf82f47b447886c676df66') in 0.020246 seconds
Internal: There are remaining Allocations on the JobTempAlloc. This is a leak, and will impact performance
To Debug, run app with -diag-job-temp-memory-leak-validation cmd line argument. This will output the callstacks of the leaked allocations.
Number of updated asset objects reloaded before import = 0
Number of asset objects unloaded after import = 8
========================================================================
Received Import Request.
  Time since last request: 0.000017 seconds.
  path: Assets/AurynSky/WinterArena/Models/WinterGroundRock.fbx
  artifactKey: Guid(e370453493126d544b9306c1145fa620) Importer(815301076,1909f56bfc062723c751e8b465ee728b)
Start importing Assets/AurynSky/WinterArena/Models/WinterGroundRock.fbx using Guid(e370453493126d544b9306c1145fa620) Importer(815301076,1909f56bfc062723c751e8b465ee728b)  -> (artifact id: '4841e611db1b3ec7ca0dbbf77feac572') in 0.025780 seconds
Internal: There are remaining Allocations on the JobTempAlloc. This is a leak, and will impact performance
To Debug, run app with -diag-job-temp-memory-leak-validation cmd line argument. This will output the callstacks of the leaked allocations.
Number of updated asset objects reloaded before import = 0
Number of asset objects unloaded after import = 8
========================================================================
Received Import Request.
  Time since last request: 0.000032 seconds.
  path: Assets/AurynSky/WinterArena/Models/WinterCubeLarge_v2.fbx
  artifactKey: Guid(66e145569ad6d434cbd1b8b6628775bc) Importer(815301076,1909f56bfc062723c751e8b465ee728b)
Start importing Assets/AurynSky/WinterArena/Models/WinterCubeLarge_v2.fbx using Guid(66e145569ad6d434cbd1b8b6628775bc) Importer(815301076,1909f56bfc062723c751e8b465ee728b)  -> (artifact id: '2641e531df8cfc92469113522169c775') in 0.026754 seconds
Internal: There are remaining Allocations on the JobTempAlloc. This is a leak, and will impact performance
To Debug, run app with -diag-job-temp-memory-leak-validation cmd line argument. This will output the callstacks of the leaked allocations.
Number of updated asset objects reloaded before import = 0
Number of asset objects unloaded after import = 8
========================================================================
Received Import Request.
  Time since last request: 0.000015 seconds.
  path: Assets/AurynSky/WinterArena/Models/WinterTreeApplesShortG_v2.fbx
  artifactKey: Guid(5bf989cc04f2f884c9ae160dc0a6739b) Importer(815301076,1909f56bfc062723c751e8b465ee728b)
Start importing Assets/AurynSky/WinterArena/Models/WinterTreeApplesShortG_v2.fbx using Guid(5bf989cc04f2f884c9ae160dc0a6739b) Importer(815301076,1909f56bfc062723c751e8b465ee728b)  -> (artifact id: 'b1ed6b8582d778f2ebd6f8461538a9d8') in 0.022494 seconds
Internal: There are remaining Allocations on the JobTempAlloc. This is a leak, and will impact performance
To Debug, run app with -diag-job-temp-memory-leak-validation cmd line argument. This will output the callstacks of the leaked allocations.
Number of updated asset objects reloaded before import = 0
Number of asset objects unloaded after import = 8
========================================================================
Received Import Request.
  Time since last request: 0.000030 seconds.
  path: Assets/AurynSky/WinterArena/Models/WinterGrass04.fbx
  artifactKey: Guid(2c1d584bdf0d86644962a92568011503) Importer(815301076,1909f56bfc062723c751e8b465ee728b)
Start importing Assets/AurynSky/WinterArena/Models/WinterGrass04.fbx using Guid(2c1d584bdf0d86644962a92568011503) Importer(815301076,1909f56bfc062723c751e8b465ee728b)  -> (artifact id: 'd4ef809e380fd30f5026e37f9760f2e9') in 0.025837 seconds
Internal: There are remaining Allocations on the JobTempAlloc. This is a leak, and will impact performance
To Debug, run app with -diag-job-temp-memory-leak-validation cmd line argument. This will output the callstacks of the leaked allocations.
Number of updated asset objects reloaded before import = 0
Number of asset objects unloaded after import = 8
========================================================================
Received Import Request.
  Time since last request: 0.214335 seconds.
  path: Assets/AurynSky/WinterArena/Models/WinterTreeDShort.fbx
  artifactKey: Guid(6f64ac6a9f346084bbe8b5a4890bfead) Importer(815301076,1909f56bfc062723c751e8b465ee728b)
Start importing Assets/AurynSky/WinterArena/Models/WinterTreeDShort.fbx using Guid(6f64ac6a9f346084bbe8b5a4890bfead) Importer(815301076,1909f56bfc062723c751e8b465ee728b)  -> (artifact id: 'cbe660165497bb55f386bee1d4187088') in 0.027393 seconds
Internal: There are remaining Allocations on the JobTempAlloc. This is a leak, and will impact performance
To Debug, run app with -diag-job-temp-memory-leak-validation cmd line argument. This will output the callstacks of the leaked allocations.
Number of updated asset objects reloaded before import = 0
Number of asset objects unloaded after import = 8
========================================================================
Received Import Request.
  Time since last request: 0.000024 seconds.
  path: Assets/AurynSky/WinterArena/Models/WinterTreeDTall.fbx
  artifactKey: Guid(47fecda40d40fd14c9b749fe15c58125) Importer(815301076,1909f56bfc062723c751e8b465ee728b)
Start importing Assets/AurynSky/WinterArena/Models/WinterTreeDTall.fbx using Guid(47fecda40d40fd14c9b749fe15c58125) Importer(815301076,1909f56bfc062723c751e8b465ee728b)  -> (artifact id: 'a66eda2f75f91b1d89d6f0cdbfb4bfd6') in 0.030562 seconds
Internal: There are remaining Allocations on the JobTempAlloc. This is a leak, and will impact performance
To Debug, run app with -diag-job-temp-memory-leak-validation cmd line argument. This will output the callstacks of the leaked allocations.
Number of updated asset objects reloaded before import = 0
Number of asset objects unloaded after import = 8
========================================================================
Received Import Request.
  Time since last request: 0.000033 seconds.
  path: Assets/AurynSky/WinterArena/Models/WinterTreePineShort.fbx
  artifactKey: Guid(788405e7a5a228a479885d3805a86702) Importer(815301076,1909f56bfc062723c751e8b465ee728b)
Start importing Assets/AurynSky/WinterArena/Models/WinterTreePineShort.fbx using Guid(788405e7a5a228a479885d3805a86702) Importer(815301076,1909f56bfc062723c751e8b465ee728b)  -> (artifact id: 'b1baeecbce8b5e0ca77e3d08e32581d3') in 0.024606 seconds
Internal: There are remaining Allocations on the JobTempAlloc. This is a leak, and will impact performance
To Debug, run app with -diag-job-temp-memory-leak-validation cmd line argument. This will output the callstacks of the leaked allocations.
Number of updated asset objects reloaded before import = 0
Number of asset objects unloaded after import = 8
Editor requested this worker to shutdown with reason: Scaling down because of idle timeout
TcpMessagingSession - receive error
AssetImportWorkerClient::OnTransportError - code=2 error=End of file
AssetImportWorker is now disconnected from the server
Process exiting
Exiting without the bug reporter. Application will terminate with return code 0