Using pre-set license
Built from '2022.3/staging' branch; Version is '2022.3.7f1 (b16b3b16c7a0) revision 11627323'; Using compiler version '192829333'; Build Type 'Release'
OS: 'Windows 10  (10.0.19045) 64bit Professional' Language: 'es' Physical Memory: 16125 MB
BatchMode: 1, IsHumanControllingUs: 0, StartBugReporterOnCrash: 0, Is64bit: 1, IsPro: 1

COMMAND LINE ARGUMENTS:
C:\Program Files\Unity\Hub\Editor\2022.3.7f1\Editor\Unity.exe
-adb2
-batchMode
-noUpm
-name
AssetImportWorker1
-projectPath
C:/Users/USUARIO/xD
-logFile
Logs/AssetImportWorker1.log
-srvPort
65508
Successfully changed project path to: C:/Users/USUARIO/xD
C:/Users/USUARIO/xD
[UnityMemory] Configuration Parameters - Can be set up in boot.config
    "memorysetup-bucket-allocator-granularity=16"
    "memorysetup-bucket-allocator-bucket-count=8"
    "memorysetup-bucket-allocator-block-size=33554432"
    "memorysetup-bucket-allocator-block-count=8"
    "memorysetup-main-allocator-block-size=16777216"
    "memorysetup-thread-allocator-block-size=16777216"
    "memorysetup-gfx-main-allocator-block-size=16777216"
    "memorysetup-gfx-thread-allocator-block-size=16777216"
    "memorysetup-cache-allocator-block-size=4194304"
    "memorysetup-typetree-allocator-block-size=2097152"
    "memorysetup-profiler-bucket-allocator-granularity=16"
    "memorysetup-profiler-bucket-allocator-bucket-count=8"
    "memorysetup-profiler-bucket-allocator-block-size=33554432"
    "memorysetup-profiler-bucket-allocator-block-count=8"
    "memorysetup-profiler-allocator-block-size=16777216"
    "memorysetup-profiler-editor-allocator-block-size=1048576"
    "memorysetup-temp-allocator-size-main=16777216"
    "memorysetup-job-temp-allocator-block-size=2097152"
    "memorysetup-job-temp-allocator-block-size-background=1048576"
    "memorysetup-job-temp-allocator-reduction-small-platforms=262144"
    "memorysetup-allocator-temp-initial-block-size-main=262144"
    "memorysetup-allocator-temp-initial-block-size-worker=262144"
    "memorysetup-temp-allocator-size-background-worker=32768"
    "memorysetup-temp-allocator-size-job-worker=262144"
    "memorysetup-temp-allocator-size-preload-manager=33554432"
    "memorysetup-temp-allocator-size-nav-mesh-worker=65536"
    "memorysetup-temp-allocator-size-audio-worker=65536"
    "memorysetup-temp-allocator-size-cloud-worker=32768"
    "memorysetup-temp-allocator-size-gi-baking-worker=262144"
    "memorysetup-temp-allocator-size-gfx=262144"
Player connection [13100] Host "[IP] 192.168.10.2 [Port] 0 [Flags] 2 [Guid] 2682294728 [EditorId] 2682294728 [Version] 1048832 [Id] WindowsEditor(7,DESKTOP-9BE5VN6) [Debug] 1 [PackageName] WindowsEditor [ProjectName] Editor" joined multi-casting on [225.0.0.222:54997]...

Player connection [13100] Host "[IP] 192.168.10.2 [Port] 0 [Flags] 2 [Guid] 2682294728 [EditorId] 2682294728 [Version] 1048832 [Id] WindowsEditor(7,DESKTOP-9BE5VN6) [Debug] 1 [PackageName] WindowsEditor [ProjectName] Editor" joined alternative multi-casting on [225.0.0.222:34997]...

Refreshing native plugins compatible for Editor in 6.14 ms, found 3 plugins.
Preloading 0 native plugins for Editor in 0.00 ms.
Initialize engine version: 2022.3.7f1 (b16b3b16c7a0)
[Subsystems] Discovering subsystems at path C:/Program Files/Unity/Hub/Editor/2022.3.7f1/Editor/Data/Resources/UnitySubsystems
[Subsystems] Discovering subsystems at path C:/Users/USUARIO/xD/Assets
GfxDevice: creating device client; threaded=0; jobified=0
Direct3D:
    Version:  Direct3D 11.0 [level 11.1]
    Renderer: Intel(R) UHD Graphics 730 (ID=0x4692)
    Vendor:   Intel
    VRAM:     8062 MB
    Driver:   30.0.101.1371
Initialize mono
Mono path[0] = 'C:/Program Files/Unity/Hub/Editor/2022.3.7f1/Editor/Data/Managed'
Mono path[1] = 'C:/Program Files/Unity/Hub/Editor/2022.3.7f1/Editor/Data/MonoBleedingEdge/lib/mono/unityjit-win32'
Mono config path = 'C:/Program Files/Unity/Hub/Editor/2022.3.7f1/Editor/Data/MonoBleedingEdge/etc'
Using monoOptions --debugger-agent=transport=dt_socket,embedding=1,server=y,suspend=n,address=127.0.0.1:56096
Begin MonoManager ReloadAssembly
Registering precompiled unity dll's ...
Register platform support module: C:/Program Files/Unity/Hub/Editor/2022.3.7f1/Editor/Data/PlaybackEngines/WebGLSupport/UnityEditor.WebGL.Extensions.dll
Register platform support module: C:/Program Files/Unity/Hub/Editor/2022.3.7f1/Editor/Data/PlaybackEngines/AndroidPlayer/UnityEditor.Android.Extensions.dll
Register platform support module: C:/Program Files/Unity/Hub/Editor/2022.3.7f1/Editor/Data/PlaybackEngines/WindowsStandaloneSupport/UnityEditor.WindowsStandalone.Extensions.dll
Register platform support module: C:/Program Files/Unity/Hub/Editor/2022.3.7f1/Editor/Data/PlaybackEngines/MetroSupport/UnityEditor.UWP.Extensions.dll
Registered in 0.010326 seconds.
- Loaded All Assemblies, in  0.392 seconds
Native extension for UWP target not found
Native extension for WindowsStandalone target not found
Native extension for Android target not found
Android Extension - Scanning For ADB Devices 258 ms
Native extension for WebGL target not found
Mono: successfully reloaded assembly
- Finished resetting the current domain, in  0.566 seconds
Domain Reload Profiling: 956ms
	BeginReloadAssembly (125ms)
		ExecutionOrderSort (0ms)
		DisableScriptedObjects (0ms)
		BackupInstance (0ms)
		ReleaseScriptingObjects (0ms)
		CreateAndSetChildDomain (1ms)
	RebuildCommonClasses (32ms)
	RebuildNativeTypeToScriptingClass (9ms)
	initialDomainReloadingComplete (62ms)
	LoadAllAssembliesAndSetupDomain (162ms)
		LoadAssemblies (125ms)
		RebuildTransferFunctionScriptingTraits (0ms)
		AnalyzeDomain (158ms)
			TypeCache.Refresh (156ms)
				TypeCache.ScanAssembly (140ms)
			ScanForSourceGeneratedMonoScriptInfo (0ms)
			ResolveRequiredComponents (1ms)
	FinalizeReload (566ms)
		ReleaseScriptCaches (0ms)
		RebuildScriptCaches (0ms)
		SetupLoadedEditorAssemblies (502ms)
			LogAssemblyErrors (0ms)
			InitializePlatformSupportModulesInManaged (364ms)
			SetLoadedEditorAssemblies (3ms)
			RefreshPlugins (0ms)
			BeforeProcessingInitializeOnLoad (2ms)
			ProcessInitializeOnLoadAttributes (91ms)
			ProcessInitializeOnLoadMethodAttributes (42ms)
			AfterProcessingInitializeOnLoad (0ms)
			EditorAssembliesLoaded (0ms)
		ExecutionOrderSort2 (0ms)
		AwakeInstancesAfterBackupRestoration (0ms)
========================================================================
Worker process is ready to serve import requests
Begin MonoManager ReloadAssembly
Symbol file LoadedFromMemory doesn't match image C:\Users\USUARIO\xD\Library\PackageCache\com.unity.visualscripting@1.8.0\Editor\VisualScripting.Core\Dependencies\YamlDotNet\Unity.VisualScripting.YamlDotNet.dll
Symbol file LoadedFromMemory doesn't match image C:\Users\USUARIO\xD\Library\PackageCache\com.unity.visualscripting@1.8.0\Editor\VisualScripting.Core\Dependencies\DotNetZip\Unity.VisualScripting.IonicZip.dll
- Loaded All Assemblies, in  0.676 seconds
Refreshing native plugins compatible for Editor in 2.34 ms, found 3 plugins.
Native extension for UWP target not found
Native extension for WindowsStandalone target not found
Native extension for Android target not found
Native extension for WebGL target not found
Mono: successfully reloaded assembly
- Finished resetting the current domain, in  0.480 seconds
Domain Reload Profiling: 1153ms
	BeginReloadAssembly (158ms)
		ExecutionOrderSort (0ms)
		DisableScriptedObjects (5ms)
		BackupInstance (0ms)
		ReleaseScriptingObjects (0ms)
		CreateAndSetChildDomain (22ms)
	RebuildCommonClasses (30ms)
	RebuildNativeTypeToScriptingClass (8ms)
	initialDomainReloadingComplete (39ms)
	LoadAllAssembliesAndSetupDomain (437ms)
		LoadAssemblies (351ms)
		RebuildTransferFunctionScriptingTraits (0ms)
		AnalyzeDomain (185ms)
			TypeCache.Refresh (167ms)
				TypeCache.ScanAssembly (145ms)
			ScanForSourceGeneratedMonoScriptInfo (14ms)
			ResolveRequiredComponents (3ms)
	FinalizeReload (480ms)
		ReleaseScriptCaches (0ms)
		RebuildScriptCaches (0ms)
		SetupLoadedEditorAssemblies (338ms)
			LogAssemblyErrors (0ms)
			InitializePlatformSupportModulesInManaged (26ms)
			SetLoadedEditorAssemblies (5ms)
			RefreshPlugins (0ms)
			BeforeProcessingInitializeOnLoad (57ms)
			ProcessInitializeOnLoadAttributes (228ms)
			ProcessInitializeOnLoadMethodAttributes (17ms)
			AfterProcessingInitializeOnLoad (6ms)
			EditorAssembliesLoaded (0ms)
		ExecutionOrderSort2 (0ms)
		AwakeInstancesAfterBackupRestoration (5ms)
Launched and connected shader compiler UnityShaderCompiler.exe after 0.05 seconds
Refreshing native plugins compatible for Editor in 2.17 ms, found 3 plugins.
Preloading 0 native plugins for Editor in 0.00 ms.
Unloading 3083 Unused Serialized files (Serialized files now loaded: 0)
Unloading 31 unused Assets / (56.8 KB). Loaded Objects now: 3565.
Memory consumption went from 130.8 MB to 130.7 MB.
Total: 2.621700 ms (FindLiveObjects: 0.241200 ms CreateObjectMapping: 0.107400 ms MarkObjects: 2.119900 ms  DeleteObjects: 0.152100 ms)

AssetImportParameters requested are different than current active one (requested -> active):
  custom:container-demuxer-ogg: 62fdf1f143b41e24485cea50d1cbac27 -> 
  custom:video-decoder-ogg-theora: a1e56fd34408186e4bbccfd4996cb3dc -> 
  custom:framework-win-MediaFoundation: 216162199b28c13a410421893ffa2e32 -> 
  custom:CustomObjectIndexerAttribute: 756ad292c208cfabdd7b50bc23989ffe -> 
  custom:container-demuxer-webm: 4f35f7cbe854078d1ac9338744f61a02 -> 
  custom:container-muxer-webm: aa71ff27fc2769a1b78a27578f13a17b -> 
  custom:video-decoder-webm-vp8: 9c59270c3fd7afecdb556c50c9e8de78 -> 
  custom:SearchIndexIgnoredProperties: e643bd26f0fe6173181afceb89e7c659 -> 
  custom:AudioImporter_EditorPlatform: d09bf68614088b80899f8185d706f6e7 -> 
  custom:video-encoder-webm-vp8: eb34c28f22e8b96e1ab97ce403110664 -> 
  custom:audio-decoder-ogg-vorbis: bf7c407c2cedff20999df2af8eb42d56 -> 
  custom:audio-encoder-webm-vorbis: bf7c407c2cedff20999df2af8eb42d56 -> 
========================================================================
Received Import Request.
  Time since last request: 177190.216223 seconds.
  path: Assets/AurynSky/WinterArena/Scripts
  artifactKey: Guid(2054bba749a942b4fb5a3016ace249c9) Importer(815301076,1909f56bfc062723c751e8b465ee728b)
Start importing Assets/AurynSky/WinterArena/Scripts using Guid(2054bba749a942b4fb5a3016ace249c9) Importer(815301076,1909f56bfc062723c751e8b465ee728b)  -> (artifact id: '115909fa3ea990fe830b048d3ba763d4') in 0.002630 seconds
Number of updated asset objects reloaded before import = 0
Number of asset objects unloaded after import = 0
========================================================================
Received Import Request.
  Time since last request: 0.000031 seconds.
  path: Assets/AurynSky/WinterArena/Textures/ColorPaletteNormal.png
  artifactKey: Guid(89a67c2bffdf27b49a6145cad9ccaf8e) Importer(815301076,1909f56bfc062723c751e8b465ee728b)
Start importing Assets/AurynSky/WinterArena/Textures/ColorPaletteNormal.png using Guid(89a67c2bffdf27b49a6145cad9ccaf8e) Importer(815301076,1909f56bfc062723c751e8b465ee728b)  -> (artifact id: '56054a1f4bf5a762752d1d2648e12fd5') in 0.060035 seconds
Number of updated asset objects reloaded before import = 0
Number of asset objects unloaded after import = 2
========================================================================
Received Import Request.
  Time since last request: 0.000020 seconds.
  path: Assets/AurynSky/WinterArena/Textures/ColorPaletteRED.png
  artifactKey: Guid(e2323373a4542a542ae7ac465fea8f79) Importer(815301076,1909f56bfc062723c751e8b465ee728b)
Start importing Assets/AurynSky/WinterArena/Textures/ColorPaletteRED.png using Guid(e2323373a4542a542ae7ac465fea8f79) Importer(815301076,1909f56bfc062723c751e8b465ee728b)  -> (artifact id: 'dad2f140915bea35cfb5eeeca013a603') in 0.019131 seconds
Number of updated asset objects reloaded before import = 0
Number of asset objects unloaded after import = 2
========================================================================
Received Import Request.
  Time since last request: 2.655434 seconds.
  path: Assets/AurynSky/WinterArena/Prefabs/Shovel.prefab
  artifactKey: Guid(77960433296b2e94db1763ac885e8c70) Importer(815301076,1909f56bfc062723c751e8b465ee728b)
Start importing Assets/AurynSky/WinterArena/Prefabs/Shovel.prefab using Guid(77960433296b2e94db1763ac885e8c70) Importer(815301076,1909f56bfc062723c751e8b465ee728b)  -> (artifact id: 'ab508f67d0bdd42b3f729b2e55a889d5') in 0.053044 seconds
Number of updated asset objects reloaded before import = 0
Number of asset objects unloaded after import = 9
========================================================================
Received Import Request.
  Time since last request: 0.000017 seconds.
  path: Assets/AurynSky/WinterArena/Prefabs/Tower_Window.prefab
  artifactKey: Guid(9d70f7cc41c41484bbf404b935f0d590) Importer(815301076,1909f56bfc062723c751e8b465ee728b)
Start importing Assets/AurynSky/WinterArena/Prefabs/Tower_Window.prefab using Guid(9d70f7cc41c41484bbf404b935f0d590) Importer(815301076,1909f56bfc062723c751e8b465ee728b)  -> (artifact id: 'f665f202b5b87ba43fca61652299ce8b') in 0.017517 seconds
Number of updated asset objects reloaded before import = 0
Number of asset objects unloaded after import = 9
========================================================================
Received Import Request.
  Time since last request: 0.000015 seconds.
  path: Assets/AurynSky/WinterArena/Prefabs/Snow.prefab
  artifactKey: Guid(be5366f4dddf8ca4ebe9c7f86e0904ad) Importer(815301076,1909f56bfc062723c751e8b465ee728b)
Start importing Assets/AurynSky/WinterArena/Prefabs/Snow.prefab using Guid(be5366f4dddf8ca4ebe9c7f86e0904ad) Importer(815301076,1909f56bfc062723c751e8b465ee728b)  -> (artifact id: '57c5261b93e57bcb03a1a8962d4082a3') in 0.015178 seconds
Number of updated asset objects reloaded before import = 0
Number of asset objects unloaded after import = 8
========================================================================
Received Import Request.
  Time since last request: 0.000016 seconds.
  path: Assets/AurynSky/WinterArena/Prefabs/WinterCatapult_Ski_v2.prefab
  artifactKey: Guid(22ff76881a1425244b56917071e6940e) Importer(815301076,1909f56bfc062723c751e8b465ee728b)
Start importing Assets/AurynSky/WinterArena/Prefabs/WinterCatapult_Ski_v2.prefab using Guid(22ff76881a1425244b56917071e6940e) Importer(815301076,1909f56bfc062723c751e8b465ee728b)  -> (artifact id: 'efda90a8cc389bad7c1658d8422a0567') in 0.041377 seconds
Number of updated asset objects reloaded before import = 0
Number of asset objects unloaded after import = 64
========================================================================
Received Import Request.
  Time since last request: 0.000022 seconds.
  path: Assets/AurynSky/WinterArena/Prefabs/WinterBrazier_v2.prefab
  artifactKey: Guid(2876e03279b43b748835fd4bfeb7b602) Importer(815301076,1909f56bfc062723c751e8b465ee728b)
Start importing Assets/AurynSky/WinterArena/Prefabs/WinterBrazier_v2.prefab using Guid(2876e03279b43b748835fd4bfeb7b602) Importer(815301076,1909f56bfc062723c751e8b465ee728b)  -> (artifact id: '0caa8fea3cb535811eb18bc63f522d02') in 0.026077 seconds
Number of updated asset objects reloaded before import = 0
Number of asset objects unloaded after import = 45
========================================================================
Received Import Request.
  Time since last request: 0.000023 seconds.
  path: Assets/AurynSky/WinterArena/Prefabs/WinterCannonBall_v2.prefab
  artifactKey: Guid(498ab73503f017945a0ed30144a656fd) Importer(815301076,1909f56bfc062723c751e8b465ee728b)
Start importing Assets/AurynSky/WinterArena/Prefabs/WinterCannonBall_v2.prefab using Guid(498ab73503f017945a0ed30144a656fd) Importer(815301076,1909f56bfc062723c751e8b465ee728b)  -> (artifact id: 'e152f5625325c7f56f6f30be7e106d82') in 0.023412 seconds
Number of updated asset objects reloaded before import = 0
Number of asset objects unloaded after import = 9
========================================================================
Received Import Request.
  Time since last request: 0.706513 seconds.
  path: Assets/AurynSky/WinterArena/Prefabs/WinterChest_v2.prefab
  artifactKey: Guid(015da0ca42aad264790326f03ec99927) Importer(815301076,1909f56bfc062723c751e8b465ee728b)
Start importing Assets/AurynSky/WinterArena/Prefabs/WinterChest_v2.prefab using Guid(015da0ca42aad264790326f03ec99927) Importer(815301076,1909f56bfc062723c751e8b465ee728b)  -> (artifact id: 'f54a5455faf1db50fa10bcab7ad35579') in 0.068730 seconds
Internal: There are remaining Allocations on the JobTempAlloc. This is a leak, and will impact performance
To Debug, run app with -diag-job-temp-memory-leak-validation cmd line argument. This will output the callstacks of the leaked allocations.
Number of updated asset objects reloaded before import = 0
Number of asset objects unloaded after import = 47
========================================================================
Received Import Request.
  Time since last request: 0.000017 seconds.
  path: Assets/AurynSky/WinterArena/Prefabs/WinterCubeMedium.prefab
  artifactKey: Guid(7ea2dd0fb00473449b677259eba93ea2) Importer(815301076,1909f56bfc062723c751e8b465ee728b)
Start importing Assets/AurynSky/WinterArena/Prefabs/WinterCubeMedium.prefab using Guid(7ea2dd0fb00473449b677259eba93ea2) Importer(815301076,1909f56bfc062723c751e8b465ee728b)  -> (artifact id: '537b256ee39fe6f0081e0f53f2590fab') in 0.029710 seconds
Internal: There are remaining Allocations on the JobTempAlloc. This is a leak, and will impact performance
To Debug, run app with -diag-job-temp-memory-leak-validation cmd line argument. This will output the callstacks of the leaked allocations.
Number of updated asset objects reloaded before import = 0
Number of asset objects unloaded after import = 9
========================================================================
Received Import Request.
  Time since last request: 0.000027 seconds.
  path: Assets/AurynSky/WinterArena/Prefabs/WinterLadder.prefab
  artifactKey: Guid(d0470092e794c614385c5b06ccbddb09) Importer(815301076,1909f56bfc062723c751e8b465ee728b)
Start importing Assets/AurynSky/WinterArena/Prefabs/WinterLadder.prefab using Guid(d0470092e794c614385c5b06ccbddb09) Importer(815301076,1909f56bfc062723c751e8b465ee728b)  -> (artifact id: '438190446aae95f1f138d274de1f5a6b') in 0.023363 seconds
Internal: There are remaining Allocations on the JobTempAlloc. This is a leak, and will impact performance
To Debug, run app with -diag-job-temp-memory-leak-validation cmd line argument. This will output the callstacks of the leaked allocations.
Number of updated asset objects reloaded before import = 0
Number of asset objects unloaded after import = 9
========================================================================
Received Import Request.
  Time since last request: 0.000033 seconds.
  path: Assets/AurynSky/WinterArena/Prefabs/WinterCoin.prefab
  artifactKey: Guid(e2e84f6ede8dc844284fe6fcfffa8e68) Importer(815301076,1909f56bfc062723c751e8b465ee728b)
Start importing Assets/AurynSky/WinterArena/Prefabs/WinterCoin.prefab using Guid(e2e84f6ede8dc844284fe6fcfffa8e68) Importer(815301076,1909f56bfc062723c751e8b465ee728b)  -> (artifact id: '8c451bde001effa8da4487c6a839fc75') in 0.096748 seconds
Internal: There are remaining Allocations on the JobTempAlloc. This is a leak, and will impact performance
To Debug, run app with -diag-job-temp-memory-leak-validation cmd line argument. This will output the callstacks of the leaked allocations.
Number of updated asset objects reloaded before import = 0
Number of asset objects unloaded after import = 10
========================================================================
Received Import Request.
  Time since last request: 0.001396 seconds.
  path: Assets/AurynSky/WinterArena/Prefabs/WinterLadderExtra.prefab
  artifactKey: Guid(ecc7a7b66c2705d4bb88d7a153a2b238) Importer(815301076,1909f56bfc062723c751e8b465ee728b)
Start importing Assets/AurynSky/WinterArena/Prefabs/WinterLadderExtra.prefab using Guid(ecc7a7b66c2705d4bb88d7a153a2b238) Importer(815301076,1909f56bfc062723c751e8b465ee728b)  -> (artifact id: '8f54b0ecb6f02b47bd35d12ada98de9b') in 0.063147 seconds
Internal: There are remaining Allocations on the JobTempAlloc. This is a leak, and will impact performance
To Debug, run app with -diag-job-temp-memory-leak-validation cmd line argument. This will output the callstacks of the leaked allocations.
Number of updated asset objects reloaded before import = 0
Number of asset objects unloaded after import = 9
========================================================================
Received Import Request.
  Time since last request: 0.000022 seconds.
  path: Assets/AurynSky/WinterArena/Prefabs/WinterCubeSmall_v2.prefab
  artifactKey: Guid(ea78471431e56e647980629b115f33d6) Importer(815301076,1909f56bfc062723c751e8b465ee728b)
Start importing Assets/AurynSky/WinterArena/Prefabs/WinterCubeSmall_v2.prefab using Guid(ea78471431e56e647980629b115f33d6) Importer(815301076,1909f56bfc062723c751e8b465ee728b)  -> (artifact id: '3b84188a5a10a285db2f6a6b18cfd3d9') in 0.122990 seconds
Internal: There are remaining Allocations on the JobTempAlloc. This is a leak, and will impact performance
To Debug, run app with -diag-job-temp-memory-leak-validation cmd line argument. This will output the callstacks of the leaked allocations.
Number of updated asset objects reloaded before import = 0
Number of asset objects unloaded after import = 9
========================================================================
Received Import Request.
  Time since last request: 0.000031 seconds.
  path: Assets/AurynSky/WinterArena/Prefabs/WinterCubeLarge.prefab
  artifactKey: Guid(dd9ef0ff88637414dacb87df33d97a63) Importer(815301076,1909f56bfc062723c751e8b465ee728b)
Start importing Assets/AurynSky/WinterArena/Prefabs/WinterCubeLarge.prefab using Guid(dd9ef0ff88637414dacb87df33d97a63) Importer(815301076,1909f56bfc062723c751e8b465ee728b)  -> (artifact id: 'f462127b70d34ee434f65630923e0483') in 0.074625 seconds
Internal: JobTempAlloc has allocations that are more than the maximum lifespan of 4 frames old - this is not allowed and likely a leak
To Debug, run app with -diag-job-temp-memory-leak-validation cmd line argument. This will output the callstacks of the leaked allocations.
Internal: There are remaining Allocations on the JobTempAlloc. This is a leak, and will impact performance
To Debug, run app with -diag-job-temp-memory-leak-validation cmd line argument. This will output the callstacks of the leaked allocations.
Number of updated asset objects reloaded before import = 0
Number of asset objects unloaded after import = 9
========================================================================
Received Import Request.
  Time since last request: 6.381769 seconds.
  path: Assets/AurynSky/WinterArena/Models/Castle_W.fbx
  artifactKey: Guid(bdae19fad075d0a44ab72d7344b3fdd1) Importer(815301076,1909f56bfc062723c751e8b465ee728b)
Start importing Assets/AurynSky/WinterArena/Models/Castle_W.fbx using Guid(bdae19fad075d0a44ab72d7344b3fdd1) Importer(815301076,1909f56bfc062723c751e8b465ee728b)  -> (artifact id: '550eeb0e952d3df18926bcabc89df67f') in 0.047204 seconds
Internal: There are remaining Allocations on the JobTempAlloc. This is a leak, and will impact performance
To Debug, run app with -diag-job-temp-memory-leak-validation cmd line argument. This will output the callstacks of the leaked allocations.
Number of updated asset objects reloaded before import = 0
Number of asset objects unloaded after import = 8
========================================================================
Received Import Request.
  Time since last request: 0.000020 seconds.
  path: Assets/AurynSky/WinterArena/Models/SnowPile.fbx
  artifactKey: Guid(3d589e666a18cef4b82a62ed67cf75a1) Importer(815301076,1909f56bfc062723c751e8b465ee728b)
Start importing Assets/AurynSky/WinterArena/Models/SnowPile.fbx using Guid(3d589e666a18cef4b82a62ed67cf75a1) Importer(815301076,1909f56bfc062723c751e8b465ee728b)  -> (artifact id: '86d2f3dd31cc1dffdf1434245b380cd5') in 0.039554 seconds
Internal: There are remaining Allocations on the JobTempAlloc. This is a leak, and will impact performance
To Debug, run app with -diag-job-temp-memory-leak-validation cmd line argument. This will output the callstacks of the leaked allocations.
Number of updated asset objects reloaded before import = 0
Number of asset objects unloaded after import = 8
========================================================================
Received Import Request.
  Time since last request: 0.000027 seconds.
  path: Assets/AurynSky/WinterArena/Models/WinterBridge_Section.fbx
  artifactKey: Guid(4fe47052fe4d4434da8e9bd6104dc23c) Importer(815301076,1909f56bfc062723c751e8b465ee728b)
Start importing Assets/AurynSky/WinterArena/Models/WinterBridge_Section.fbx using Guid(4fe47052fe4d4434da8e9bd6104dc23c) Importer(815301076,1909f56bfc062723c751e8b465ee728b)  -> (artifact id: '88094b7aec9ce01670a4f3539f065a64') in 0.023528 seconds
Internal: There are remaining Allocations on the JobTempAlloc. This is a leak, and will impact performance
To Debug, run app with -diag-job-temp-memory-leak-validation cmd line argument. This will output the callstacks of the leaked allocations.
Number of updated asset objects reloaded before import = 0
Number of asset objects unloaded after import = 8
========================================================================
Received Import Request.
  Time since last request: 0.000019 seconds.
  path: Assets/AurynSky/WinterArena/Models/SnowCorner.fbx
  artifactKey: Guid(c09aee234eb4c264983466aa6fe75c41) Importer(815301076,1909f56bfc062723c751e8b465ee728b)
Start importing Assets/AurynSky/WinterArena/Models/SnowCorner.fbx using Guid(c09aee234eb4c264983466aa6fe75c41) Importer(815301076,1909f56bfc062723c751e8b465ee728b)  -> (artifact id: 'd67ef4c1c8afdd6339c7a1834ba27b5e') in 0.024742 seconds
Internal: There are remaining Allocations on the JobTempAlloc. This is a leak, and will impact performance
To Debug, run app with -diag-job-temp-memory-leak-validation cmd line argument. This will output the callstacks of the leaked allocations.
Number of updated asset objects reloaded before import = 0
Number of asset objects unloaded after import = 8
========================================================================
Received Import Request.
  Time since last request: 0.000015 seconds.
  path: Assets/AurynSky/WinterArena/Models/WinterBarrel.fbx
  artifactKey: Guid(2fffe8a0a31ac1442a97ca48d6a53476) Importer(815301076,1909f56bfc062723c751e8b465ee728b)
Start importing Assets/AurynSky/WinterArena/Models/WinterBarrel.fbx using Guid(2fffe8a0a31ac1442a97ca48d6a53476) Importer(815301076,1909f56bfc062723c751e8b465ee728b)  -> (artifact id: '35e41cb3582f30b83844fe4b33bdbaee') in 0.030876 seconds
Internal: There are remaining Allocations on the JobTempAlloc. This is a leak, and will impact performance
To Debug, run app with -diag-job-temp-memory-leak-validation cmd line argument. This will output the callstacks of the leaked allocations.
Number of updated asset objects reloaded before import = 0
Number of asset objects unloaded after import = 8
========================================================================
Received Import Request.
  Time since last request: 0.000024 seconds.
  path: Assets/AurynSky/WinterArena/Models/WinterBanner.fbx
  artifactKey: Guid(56a61d61b962fb64ca53771164173483) Importer(815301076,1909f56bfc062723c751e8b465ee728b)
Start importing Assets/AurynSky/WinterArena/Models/WinterBanner.fbx using Guid(56a61d61b962fb64ca53771164173483) Importer(815301076,1909f56bfc062723c751e8b465ee728b)  -> (artifact id: 'd5dae6c6834002152e27aff574b2eb13') in 0.044166 seconds
Internal: There are remaining Allocations on the JobTempAlloc. This is a leak, and will impact performance
To Debug, run app with -diag-job-temp-memory-leak-validation cmd line argument. This will output the callstacks of the leaked allocations.
Number of updated asset objects reloaded before import = 0
Number of asset objects unloaded after import = 24
========================================================================
Received Import Request.
  Time since last request: 0.000019 seconds.
  path: Assets/AurynSky/WinterArena/Models/FlagPole.fbx
  artifactKey: Guid(b1fccda3ec0dee645894bfec54757496) Importer(815301076,1909f56bfc062723c751e8b465ee728b)
Start importing Assets/AurynSky/WinterArena/Models/FlagPole.fbx using Guid(b1fccda3ec0dee645894bfec54757496) Importer(815301076,1909f56bfc062723c751e8b465ee728b)  -> (artifact id: 'b5493a1a38554319b41e16d9a385f4aa') in 0.032702 seconds
Internal: There are remaining Allocations on the JobTempAlloc. This is a leak, and will impact performance
To Debug, run app with -diag-job-temp-memory-leak-validation cmd line argument. This will output the callstacks of the leaked allocations.
Number of updated asset objects reloaded before import = 0
Number of asset objects unloaded after import = 8
========================================================================
Received Import Request.
  Time since last request: 0.399189 seconds.
  path: Assets/AurynSky/WinterArena/Models/WinterCannonBall_v2.fbx
  artifactKey: Guid(02cfb312cd8763245af07555f4e84555) Importer(815301076,1909f56bfc062723c751e8b465ee728b)
Start importing Assets/AurynSky/WinterArena/Models/WinterCannonBall_v2.fbx using Guid(02cfb312cd8763245af07555f4e84555) Importer(815301076,1909f56bfc062723c751e8b465ee728b)  -> (artifact id: '6498fdbb108f05da38ba29d4be29e7d4') in 0.025947 seconds
Internal: There are remaining Allocations on the JobTempAlloc. This is a leak, and will impact performance
To Debug, run app with -diag-job-temp-memory-leak-validation cmd line argument. This will output the callstacks of the leaked allocations.
Number of updated asset objects reloaded before import = 0
Number of asset objects unloaded after import = 8
========================================================================
Received Import Request.
  Time since last request: 0.000021 seconds.
  path: Assets/AurynSky/WinterArena/Models/WinterCastleDoor_L.fbx
  artifactKey: Guid(8f4da04830729654296c27d043875c6b) Importer(815301076,1909f56bfc062723c751e8b465ee728b)
Start importing Assets/AurynSky/WinterArena/Models/WinterCastleDoor_L.fbx using Guid(8f4da04830729654296c27d043875c6b) Importer(815301076,1909f56bfc062723c751e8b465ee728b)  -> (artifact id: 'f031e4928bc65d01c39a20b701b76063') in 0.023696 seconds
Internal: There are remaining Allocations on the JobTempAlloc. This is a leak, and will impact performance
To Debug, run app with -diag-job-temp-memory-leak-validation cmd line argument. This will output the callstacks of the leaked allocations.
Number of updated asset objects reloaded before import = 0
Number of asset objects unloaded after import = 8
========================================================================
Received Import Request.
  Time since last request: 0.000019 seconds.
  path: Assets/AurynSky/WinterArena/Models/WinterChestBottom_v2.fbx
  artifactKey: Guid(8223cded31394424ab47abd1fd6a2873) Importer(815301076,1909f56bfc062723c751e8b465ee728b)
Start importing Assets/AurynSky/WinterArena/Models/WinterChestBottom_v2.fbx using Guid(8223cded31394424ab47abd1fd6a2873) Importer(815301076,1909f56bfc062723c751e8b465ee728b)  -> (artifact id: '9632e1c352a89b848414c99719dd3305') in 0.025313 seconds
Internal: There are remaining Allocations on the JobTempAlloc. This is a leak, and will impact performance
To Debug, run app with -diag-job-temp-memory-leak-validation cmd line argument. This will output the callstacks of the leaked allocations.
Number of updated asset objects reloaded before import = 0
Number of asset objects unloaded after import = 8
========================================================================
Received Import Request.
  Time since last request: 0.000039 seconds.
  path: Assets/AurynSky/WinterArena/Models/WinterCastleWindow.fbx
  artifactKey: Guid(e72cd5d9ca8a31c439d64409a820e614) Importer(815301076,1909f56bfc062723c751e8b465ee728b)
Start importing Assets/AurynSky/WinterArena/Models/WinterCastleWindow.fbx using Guid(e72cd5d9ca8a31c439d64409a820e614) Importer(815301076,1909f56bfc062723c751e8b465ee728b)  -> (artifact id: 'f144909c0bb3ef3e57288d070fb2117e') in 0.024203 seconds
Internal: There are remaining Allocations on the JobTempAlloc. This is a leak, and will impact performance
To Debug, run app with -diag-job-temp-memory-leak-validation cmd line argument. This will output the callstacks of the leaked allocations.
Number of updated asset objects reloaded before import = 0
Number of asset objects unloaded after import = 8
========================================================================
Received Import Request.
  Time since last request: 0.000015 seconds.
  path: Assets/AurynSky/WinterArena/Models/WinterChestTop.fbx
  artifactKey: Guid(14550da5557e9a149b02ae88b5accbb4) Importer(815301076,1909f56bfc062723c751e8b465ee728b)
Start importing Assets/AurynSky/WinterArena/Models/WinterChestTop.fbx using Guid(14550da5557e9a149b02ae88b5accbb4) Importer(815301076,1909f56bfc062723c751e8b465ee728b)  -> (artifact id: 'd6a9f8f35b2109fd54e8f3c8c3694f49') in 0.028689 seconds
Internal: There are remaining Allocations on the JobTempAlloc. This is a leak, and will impact performance
To Debug, run app with -diag-job-temp-memory-leak-validation cmd line argument. This will output the callstacks of the leaked allocations.
Number of updated asset objects reloaded before import = 0
Number of asset objects unloaded after import = 8
========================================================================
Received Import Request.
  Time since last request: 0.000034 seconds.
  path: Assets/AurynSky/WinterArena/Models/WinterChestBottom_v3.fbx
  artifactKey: Guid(f1317fa44d0c23a4fb20ea6077304b93) Importer(815301076,1909f56bfc062723c751e8b465ee728b)
Start importing Assets/AurynSky/WinterArena/Models/WinterChestBottom_v3.fbx using Guid(f1317fa44d0c23a4fb20ea6077304b93) Importer(815301076,1909f56bfc062723c751e8b465ee728b)  -> (artifact id: 'd0e6b4288d289ccf7d69dbaff2e66258') in 0.028007 seconds
Internal: There are remaining Allocations on the JobTempAlloc. This is a leak, and will impact performance
To Debug, run app with -diag-job-temp-memory-leak-validation cmd line argument. This will output the callstacks of the leaked allocations.
Number of updated asset objects reloaded before import = 0
Number of asset objects unloaded after import = 8
========================================================================
Received Import Request.
  Time since last request: 0.000023 seconds.
  path: Assets/AurynSky/WinterArena/Models/WinterCastleDoor_v2_R.fbx
  artifactKey: Guid(4dcee547545fdf040ab908a253d4677b) Importer(815301076,1909f56bfc062723c751e8b465ee728b)
Start importing Assets/AurynSky/WinterArena/Models/WinterCastleDoor_v2_R.fbx using Guid(4dcee547545fdf040ab908a253d4677b) Importer(815301076,1909f56bfc062723c751e8b465ee728b)  -> (artifact id: '9ca9af40aef96ed374914b50ba1edaf9') in 0.026551 seconds
Internal: There are remaining Allocations on the JobTempAlloc. This is a leak, and will impact performance
To Debug, run app with -diag-job-temp-memory-leak-validation cmd line argument. This will output the callstacks of the leaked allocations.
Number of updated asset objects reloaded before import = 0
Number of asset objects unloaded after import = 8
========================================================================
Received Import Request.
  Time since last request: 0.271521 seconds.
  path: Assets/AurynSky/WinterArena/Models/WinterCrate.fbx
  artifactKey: Guid(52162aba1a45ec94c9c25f23c36267f9) Importer(815301076,1909f56bfc062723c751e8b465ee728b)
Start importing Assets/AurynSky/WinterArena/Models/WinterCrate.fbx using Guid(52162aba1a45ec94c9c25f23c36267f9) Importer(815301076,1909f56bfc062723c751e8b465ee728b)  -> (artifact id: 'dab3529a6ac77c85143adc4c0728993c') in 0.032985 seconds
Internal: There are remaining Allocations on the JobTempAlloc. This is a leak, and will impact performance
To Debug, run app with -diag-job-temp-memory-leak-validation cmd line argument. This will output the callstacks of the leaked allocations.
Number of updated asset objects reloaded before import = 0
Number of asset objects unloaded after import = 8
========================================================================
Received Import Request.
  Time since last request: 0.000028 seconds.
  path: Assets/AurynSky/WinterArena/Models/WinterCubeSmall_v2.fbx
  artifactKey: Guid(765fbfd987697ba4ba0ad141bde91361) Importer(815301076,1909f56bfc062723c751e8b465ee728b)
Start importing Assets/AurynSky/WinterArena/Models/WinterCubeSmall_v2.fbx using Guid(765fbfd987697ba4ba0ad141bde91361) Importer(815301076,1909f56bfc062723c751e8b465ee728b)  -> (artifact id: 'f092c34f228d3b683e6547c2ab117a16') in 0.024100 seconds
Internal: There are remaining Allocations on the JobTempAlloc. This is a leak, and will impact performance
To Debug, run app with -diag-job-temp-memory-leak-validation cmd line argument. This will output the callstacks of the leaked allocations.
Number of updated asset objects reloaded before import = 0
Number of asset objects unloaded after import = 8
========================================================================
Received Import Request.
  Time since last request: 0.000018 seconds.
  path: Assets/AurynSky/WinterArena/Models/WinterIceTreePineTall.fbx
  artifactKey: Guid(532b0a1e29745774fad60bcb89b319fd) Importer(815301076,1909f56bfc062723c751e8b465ee728b)
Start importing Assets/AurynSky/WinterArena/Models/WinterIceTreePineTall.fbx using Guid(532b0a1e29745774fad60bcb89b319fd) Importer(815301076,1909f56bfc062723c751e8b465ee728b)  -> (artifact id: '36f793bb2707bac2be44421b7948bf9e') in 0.030825 seconds
Internal: There are remaining Allocations on the JobTempAlloc. This is a leak, and will impact performance
To Debug, run app with -diag-job-temp-memory-leak-validation cmd line argument. This will output the callstacks of the leaked allocations.
Number of updated asset objects reloaded before import = 0
Number of asset objects unloaded after import = 8
========================================================================
Received Import Request.
  Time since last request: 0.000066 seconds.
  path: Assets/AurynSky/WinterArena/Models/WinterTreeApplesShortG.fbx
  artifactKey: Guid(17b2aa0b103379d41a651f8a3c1fa9a4) Importer(815301076,1909f56bfc062723c751e8b465ee728b)
Start importing Assets/AurynSky/WinterArena/Models/WinterTreeApplesShortG.fbx using Guid(17b2aa0b103379d41a651f8a3c1fa9a4) Importer(815301076,1909f56bfc062723c751e8b465ee728b)  -> (artifact id: '38d3338b777231fcdd51df678cf72521') in 0.025506 seconds
Internal: There are remaining Allocations on the JobTempAlloc. This is a leak, and will impact performance
To Debug, run app with -diag-job-temp-memory-leak-validation cmd line argument. This will output the callstacks of the leaked allocations.
Number of updated asset objects reloaded before import = 0
Number of asset objects unloaded after import = 8
========================================================================
Received Import Request.
  Time since last request: 0.000013 seconds.
  path: Assets/AurynSky/WinterArena/Models/WinterGroundDirtSnow.fbx
  artifactKey: Guid(e50cc2f875a3570429028af89c95353b) Importer(815301076,1909f56bfc062723c751e8b465ee728b)
Start importing Assets/AurynSky/WinterArena/Models/WinterGroundDirtSnow.fbx using Guid(e50cc2f875a3570429028af89c95353b) Importer(815301076,1909f56bfc062723c751e8b465ee728b)  -> (artifact id: '54570219c33f06199024cee9ce47f102') in 0.024204 seconds
Internal: There are remaining Allocations on the JobTempAlloc. This is a leak, and will impact performance
To Debug, run app with -diag-job-temp-memory-leak-validation cmd line argument. This will output the callstacks of the leaked allocations.
Number of updated asset objects reloaded before import = 0
Number of asset objects unloaded after import = 8
========================================================================
Received Import Request.
  Time since last request: 0.000020 seconds.
  path: Assets/AurynSky/WinterArena/Models/WinterIceTreePineShort.fbx
  artifactKey: Guid(0f5f08b83d08ca74d9aa1c7d50e1e383) Importer(815301076,1909f56bfc062723c751e8b465ee728b)
Start importing Assets/AurynSky/WinterArena/Models/WinterIceTreePineShort.fbx using Guid(0f5f08b83d08ca74d9aa1c7d50e1e383) Importer(815301076,1909f56bfc062723c751e8b465ee728b)  -> (artifact id: '00af8c5bfb88d5a4c67c18b2c01a7204') in 0.022613 seconds
Internal: There are remaining Allocations on the JobTempAlloc. This is a leak, and will impact performance
To Debug, run app with -diag-job-temp-memory-leak-validation cmd line argument. This will output the callstacks of the leaked allocations.
Number of updated asset objects reloaded before import = 0
Number of asset objects unloaded after import = 8
========================================================================
Received Import Request.
  Time since last request: 0.000018 seconds.
  path: Assets/AurynSky/WinterArena/Models/WinterTower_v2.fbx
  artifactKey: Guid(dc85ee47e579c864681c1621aa9e7937) Importer(815301076,1909f56bfc062723c751e8b465ee728b)
Start importing Assets/AurynSky/WinterArena/Models/WinterTower_v2.fbx using Guid(dc85ee47e579c864681c1621aa9e7937) Importer(815301076,1909f56bfc062723c751e8b465ee728b)  -> (artifact id: 'f1f671c0ec4382e85768dbf766bd36df') in 0.025150 seconds
Internal: There are remaining Allocations on the JobTempAlloc. This is a leak, and will impact performance
To Debug, run app with -diag-job-temp-memory-leak-validation cmd line argument. This will output the callstacks of the leaked allocations.
Number of updated asset objects reloaded before import = 0
Number of asset objects unloaded after import = 8
========================================================================
Received Import Request.
  Time since last request: 0.000026 seconds.
  path: Assets/AurynSky/WinterArena/Models/WinterTreeAppleTall.fbx
  artifactKey: Guid(b789f8de7fc503b46a542deb4267fd09) Importer(815301076,1909f56bfc062723c751e8b465ee728b)
Start importing Assets/AurynSky/WinterArena/Models/WinterTreeAppleTall.fbx using Guid(b789f8de7fc503b46a542deb4267fd09) Importer(815301076,1909f56bfc062723c751e8b465ee728b)  -> (artifact id: '8d494c50334f70c98ee0036826895806') in 0.023725 seconds
Internal: There are remaining Allocations on the JobTempAlloc. This is a leak, and will impact performance
To Debug, run app with -diag-job-temp-memory-leak-validation cmd line argument. This will output the callstacks of the leaked allocations.
Number of updated asset objects reloaded before import = 0
Number of asset objects unloaded after import = 8
========================================================================
Received Import Request.
  Time since last request: 0.000022 seconds.
  path: Assets/AurynSky/WinterArena/Models/WinterTreeAppleTallG.fbx
  artifactKey: Guid(7e14d8ded08acce4ab705226f9df80e0) Importer(815301076,1909f56bfc062723c751e8b465ee728b)
Start importing Assets/AurynSky/WinterArena/Models/WinterTreeAppleTallG.fbx using Guid(7e14d8ded08acce4ab705226f9df80e0) Importer(815301076,1909f56bfc062723c751e8b465ee728b)  -> (artifact id: 'ae1c367675f9ab5aeaabb47dc1fa0699') in 0.023733 seconds
Internal: There are remaining Allocations on the JobTempAlloc. This is a leak, and will impact performance
To Debug, run app with -diag-job-temp-memory-leak-validation cmd line argument. This will output the callstacks of the leaked allocations.
Number of updated asset objects reloaded before import = 0
Number of asset objects unloaded after import = 8
========================================================================
Received Import Request.
  Time since last request: 0.000018 seconds.
  path: Assets/AurynSky/WinterArena/Models/WinterGrass01.fbx
  artifactKey: Guid(e091d4e90233d704eae50f145a7d6ae1) Importer(815301076,1909f56bfc062723c751e8b465ee728b)
Start importing Assets/AurynSky/WinterArena/Models/WinterGrass01.fbx using Guid(e091d4e90233d704eae50f145a7d6ae1) Importer(815301076,1909f56bfc062723c751e8b465ee728b)  -> (artifact id: 'a0a5469e7f7bd26958f4808683f1aced') in 0.021982 seconds
Internal: There are remaining Allocations on the JobTempAlloc. This is a leak, and will impact performance
To Debug, run app with -diag-job-temp-memory-leak-validation cmd line argument. This will output the callstacks of the leaked allocations.
Number of updated asset objects reloaded before import = 0
Number of asset objects unloaded after import = 8
========================================================================
Received Import Request.
  Time since last request: 0.000017 seconds.
  path: Assets/AurynSky/WinterArena/Models/WinterGroundIce.fbx
  artifactKey: Guid(6e287a6e1216437419e06afb9386b9fa) Importer(815301076,1909f56bfc062723c751e8b465ee728b)
Start importing Assets/AurynSky/WinterArena/Models/WinterGroundIce.fbx using Guid(6e287a6e1216437419e06afb9386b9fa) Importer(815301076,1909f56bfc062723c751e8b465ee728b)  -> (artifact id: '51e0364b0c11030ca16e916d3abbbca8') in 0.027619 seconds
Internal: There are remaining Allocations on the JobTempAlloc. This is a leak, and will impact performance
To Debug, run app with -diag-job-temp-memory-leak-validation cmd line argument. This will output the callstacks of the leaked allocations.
Number of updated asset objects reloaded before import = 0
Number of asset objects unloaded after import = 8
========================================================================
Received Import Request.
  Time since last request: 0.213412 seconds.
  path: Assets/AurynSky/WinterArena/Models/WinterTreeDShort_v2.fbx
  artifactKey: Guid(d7b31b06d008d6048888589fb21360ab) Importer(815301076,1909f56bfc062723c751e8b465ee728b)
Start importing Assets/AurynSky/WinterArena/Models/WinterTreeDShort_v2.fbx using Guid(d7b31b06d008d6048888589fb21360ab) Importer(815301076,1909f56bfc062723c751e8b465ee728b)  -> (artifact id: '9585512005e4b13319c52767340675a7') in 0.027375 seconds
Internal: There are remaining Allocations on the JobTempAlloc. This is a leak, and will impact performance
To Debug, run app with -diag-job-temp-memory-leak-validation cmd line argument. This will output the callstacks of the leaked allocations.
Number of updated asset objects reloaded before import = 0
Number of asset objects unloaded after import = 8
========================================================================
Received Import Request.
  Time since last request: 0.000014 seconds.
  path: Assets/AurynSky/WinterArena/Models/WinterTreeDTallG.fbx
  artifactKey: Guid(f7a2dc905ef52b84ca26a36c73df2afd) Importer(815301076,1909f56bfc062723c751e8b465ee728b)
Start importing Assets/AurynSky/WinterArena/Models/WinterTreeDTallG.fbx using Guid(f7a2dc905ef52b84ca26a36c73df2afd) Importer(815301076,1909f56bfc062723c751e8b465ee728b)  -> (artifact id: '5f96075cdd3cbccd39882b16ec1d6271') in 0.030393 seconds
Internal: There are remaining Allocations on the JobTempAlloc. This is a leak, and will impact performance
To Debug, run app with -diag-job-temp-memory-leak-validation cmd line argument. This will output the callstacks of the leaked allocations.
Number of updated asset objects reloaded before import = 0
Number of asset objects unloaded after import = 8
========================================================================
Received Import Request.
  Time since last request: 0.000028 seconds.
  path: Assets/AurynSky/WinterArena/Models/WinterTreeDTall_v2.fbx
  artifactKey: Guid(ff26a31af9edef54590307aa1be04fc7) Importer(815301076,1909f56bfc062723c751e8b465ee728b)
Start importing Assets/AurynSky/WinterArena/Models/WinterTreeDTall_v2.fbx using Guid(ff26a31af9edef54590307aa1be04fc7) Importer(815301076,1909f56bfc062723c751e8b465ee728b)  -> (artifact id: '0e1c88f75abbc893d71456ba4e2102fb') in 0.024512 seconds
Internal: There are remaining Allocations on the JobTempAlloc. This is a leak, and will impact performance
To Debug, run app with -diag-job-temp-memory-leak-validation cmd line argument. This will output the callstacks of the leaked allocations.
Number of updated asset objects reloaded before import = 0
Number of asset objects unloaded after import = 8
